{"level":"warn","message":"No token provided","timestamp":"2025-09-23T14:55:53.165Z"}
{"error":{},"level":"error","message":"Invalid token","timestamp":"2025-09-23T14:55:53.359Z"}
{"level":"warn","message":"Unauthorized access attempt by user 1","timestamp":"2025-09-23T14:55:53.403Z"}
{"errors":[{"location":"body","msg":"Invalid value","path":"name","type":"field","value":""}],"level":"warn","message":"Validation failed","timestamp":"2025-09-23T14:55:53.547Z"}
{"errors":[{"location":"body","msg":"Username must be at least 3 characters","path":"username","type":"field","value":"te"},{"location":"body","msg":"Password must be at least 6 characters","path":"password","type":"field","value":"pass"},{"location":"body","msg":"Role must be user or admin","path":"role","type":"field","value":"invalid"}],"level":"warn","message":"Validation failed","timestamp":"2025-09-23T14:55:53.542Z"}
{"errors":[{"location":"body","msg":"Username is required","path":"username","type":"field","value":""},{"location":"body","msg":"Password is required","path":"password","type":"field","value":""}],"level":"warn","message":"Validation failed","timestamp":"2025-09-23T14:55:53.593Z"}
{"errors":[{"location":"body","msg":"Username must be at least 3 characters","path":"username","type":"field","value":"te"},{"location":"body","msg":"Password must be at least 6 characters","path":"password","type":"field","value":"pass"},{"location":"body","msg":"Role must be user or admin","path":"role","type":"field","value":"invalid"}],"level":"warn","message":"Validation failed","timestamp":"2025-09-23T15:01:01.611Z"}
{"level":"warn","message":"No token provided","timestamp":"2025-09-23T15:01:01.127Z"}
{"errors":[{"location":"body","msg":"Username is required","path":"username","type":"field","value":""},{"location":"body","msg":"Password is required","path":"password","type":"field","value":""}],"level":"warn","message":"Validation failed","timestamp":"2025-09-23T15:01:01.678Z"}
{"error":{},"level":"error","message":"Invalid token","timestamp":"2025-09-23T15:01:01.264Z"}
{"level":"warn","message":"Unauthorized access attempt by user 1","timestamp":"2025-09-23T15:01:01.292Z"}
{"errors":[{"location":"body","msg":"Invalid value","path":"name","type":"field","value":""}],"level":"warn","message":"Validation failed","timestamp":"2025-09-23T15:01:01.621Z"}
{"errors":[{"location":"body","msg":"Username must be at least 3 characters","path":"username","type":"field","value":"te"},{"location":"body","msg":"Password must be at least 6 characters","path":"password","type":"field","value":"pass"},{"location":"body","msg":"Role must be user or admin","path":"role","type":"field","value":"invalid"}],"level":"warn","message":"Validation failed","timestamp":"2025-09-23T15:01:17.845Z"}
{"level":"warn","message":"No token provided","timestamp":"2025-09-23T15:01:17.916Z"}
{"errors":[{"location":"body","msg":"Username is required","path":"username","type":"field","value":""},{"location":"body","msg":"Password is required","path":"password","type":"field","value":""}],"level":"warn","message":"Validation failed","timestamp":"2025-09-23T15:01:18.008Z"}
{"error":{},"level":"error","message":"Invalid token","timestamp":"2025-09-23T15:01:18.049Z"}
{"level":"warn","message":"Unauthorized access attempt by user 1","timestamp":"2025-09-23T15:01:18.102Z"}
{"errors":[{"location":"body","msg":"Invalid value","path":"name","type":"field","value":""}],"level":"warn","message":"Validation failed","timestamp":"2025-09-23T15:01:18.436Z"}
{"errors":[{"location":"body","msg":"Username must be at least 3 characters","path":"username","type":"field","value":"te"},{"location":"body","msg":"Password must be at least 6 characters","path":"password","type":"field","value":"pass"},{"location":"body","msg":"Role must be user or admin","path":"role","type":"field","value":"invalid"}],"level":"warn","message":"Validation failed","timestamp":"2025-09-23T15:02:04.699Z"}
{"errors":[{"location":"body","msg":"Username is required","path":"username","type":"field","value":""},{"location":"body","msg":"Password is required","path":"password","type":"field","value":""}],"level":"warn","message":"Validation failed","timestamp":"2025-09-23T15:02:05.368Z"}
{"level":"warn","message":"No token provided","timestamp":"2025-09-23T15:02:05.377Z"}
{"error":{},"level":"error","message":"Invalid token","timestamp":"2025-09-23T15:02:05.417Z"}
{"level":"warn","message":"Unauthorized access attempt by user 1","timestamp":"2025-09-23T15:02:05.460Z"}
{"errors":[{"location":"body","msg":"Invalid value","path":"name","type":"field","value":""}],"level":"warn","message":"Validation failed","timestamp":"2025-09-23T15:02:05.572Z"}
{"errors":[{"location":"body","msg":"Username must be at least 3 characters","path":"username","type":"field","value":"te"},{"location":"body","msg":"Password must be at least 6 characters","path":"password","type":"field","value":"pass"},{"location":"body","msg":"Role must be user or admin","path":"role","type":"field","value":"invalid"}],"level":"warn","message":"Validation failed","timestamp":"2025-09-23T15:03:09.195Z"}
{"errors":[{"location":"body","msg":"Username is required","path":"username","type":"field","value":""},{"location":"body","msg":"Password is required","path":"password","type":"field","value":""}],"level":"warn","message":"Validation failed","timestamp":"2025-09-23T15:03:09.245Z"}
{"level":"warn","message":"No token provided","timestamp":"2025-09-23T15:03:09.264Z"}
{"error":{},"level":"error","message":"Invalid token","timestamp":"2025-09-23T15:03:09.290Z"}
{"level":"warn","message":"Unauthorized access attempt by user 1","timestamp":"2025-09-23T15:03:09.385Z"}
{"errors":[{"location":"body","msg":"Invalid value","path":"name","type":"field","value":""}],"level":"warn","message":"Validation failed","timestamp":"2025-09-23T15:03:09.472Z"}
{"level":"warn","message":"No token provided","timestamp":"2025-09-23T15:07:18.794Z"}
{"errors":[{"location":"body","msg":"Username must be at least 3 characters","path":"username","type":"field","value":"te"},{"location":"body","msg":"Password must be at least 6 characters","path":"password","type":"field","value":"pass"},{"location":"body","msg":"Role must be user or admin","path":"role","type":"field","value":"invalid"}],"level":"warn","message":"Validation failed","timestamp":"2025-09-23T15:07:18.786Z"}
{"error":{},"level":"error","message":"Invalid token","timestamp":"2025-09-23T15:07:18.819Z"}
{"errors":[{"location":"body","msg":"Username is required","path":"username","type":"field","value":""},{"location":"body","msg":"Password is required","path":"password","type":"field","value":""}],"level":"warn","message":"Validation failed","timestamp":"2025-09-23T15:07:18.836Z"}
{"level":"warn","message":"Unauthorized access attempt by user 1","timestamp":"2025-09-23T15:07:18.851Z"}
{"errors":[{"location":"body","msg":"Invalid value","path":"name","type":"field","value":""}],"level":"warn","message":"Validation failed","timestamp":"2025-09-23T15:07:18.936Z"}
{"level":"warn","message":"No token provided","timestamp":"2025-09-23T15:07:50.156Z"}
{"errors":[{"location":"body","msg":"Username must be at least 3 characters","path":"username","type":"field","value":"te"},{"location":"body","msg":"Password must be at least 6 characters","path":"password","type":"field","value":"pass"},{"location":"body","msg":"Role must be user or admin","path":"role","type":"field","value":"invalid"}],"level":"warn","message":"Validation failed","timestamp":"2025-09-23T15:07:50.152Z"}
{"error":{},"level":"error","message":"Invalid token","timestamp":"2025-09-23T15:07:50.188Z"}
{"errors":[{"location":"body","msg":"Username is required","path":"username","type":"field","value":""},{"location":"body","msg":"Password is required","path":"password","type":"field","value":""}],"level":"warn","message":"Validation failed","timestamp":"2025-09-23T15:07:50.211Z"}
{"level":"warn","message":"Unauthorized access attempt by user 1","timestamp":"2025-09-23T15:07:50.223Z"}
{"errors":[{"location":"body","msg":"Invalid value","path":"name","type":"field","value":""}],"level":"warn","message":"Validation failed","timestamp":"2025-09-23T15:07:50.313Z"}
{"level":"warn","message":"No token provided","timestamp":"2025-09-23T15:12:14.319Z"}
{"error":{},"level":"error","message":"Invalid token","timestamp":"2025-09-23T15:12:14.359Z"}
{"level":"warn","message":"Unauthorized access attempt by user 1","timestamp":"2025-09-23T15:12:14.408Z"}
{"errors":[{"location":"body","msg":"Username must be at least 3 characters","path":"username","type":"field","value":"te"},{"location":"body","msg":"Password must be at least 6 characters","path":"password","type":"field","value":"pass"},{"location":"body","msg":"Role must be user or admin","path":"role","type":"field","value":"invalid"}],"level":"warn","message":"Validation failed","timestamp":"2025-09-23T15:12:14.446Z"}
{"errors":[{"location":"body","msg":"Username is required","path":"username","type":"field","value":""},{"location":"body","msg":"Password is required","path":"password","type":"field","value":""}],"level":"warn","message":"Validation failed","timestamp":"2025-09-23T15:12:14.518Z"}
{"errors":[{"location":"body","msg":"Invalid value","path":"name","type":"field","value":""}],"level":"warn","message":"Validation failed","timestamp":"2025-09-23T15:12:14.523Z"}
{"errors":[{"location":"body","msg":"Valid productId required","path":"productId","type":"field","value":0},{"location":"body","msg":"Quantity must be a positive integer","path":"quantity","type":"field","value":0}],"level":"warn","message":"Validation failed","timestamp":"2025-09-23T15:12:16.129Z"}
{"level":"warn","message":"No token provided","timestamp":"2025-09-23T15:13:26.997Z"}
{"error":{},"level":"error","message":"Invalid token","timestamp":"2025-09-23T15:13:27.030Z"}
{"level":"warn","message":"Unauthorized access attempt by user 1","timestamp":"2025-09-23T15:13:27.063Z"}
{"errors":[{"location":"body","msg":"Invalid value","path":"name","type":"field","value":""}],"level":"warn","message":"Validation failed","timestamp":"2025-09-23T15:13:27.140Z"}
{"errors":[{"location":"body","msg":"Username must be at least 3 characters","path":"username","type":"field","value":"te"},{"location":"body","msg":"Password must be at least 6 characters","path":"password","type":"field","value":"pass"},{"location":"body","msg":"Role must be user or admin","path":"role","type":"field","value":"invalid"}],"level":"warn","message":"Validation failed","timestamp":"2025-09-23T15:13:27.159Z"}
{"errors":[{"location":"body","msg":"Username is required","path":"username","type":"field","value":""},{"location":"body","msg":"Password is required","path":"password","type":"field","value":""}],"level":"warn","message":"Validation failed","timestamp":"2025-09-23T15:13:27.209Z"}
{"errors":[{"location":"body","msg":"Valid productId required","path":"productId","type":"field","value":0},{"location":"body","msg":"Quantity must be a positive integer","path":"quantity","type":"field","value":0}],"level":"warn","message":"Validation failed","timestamp":"2025-09-23T15:13:27.975Z"}
{"level":"warn","message":"No token provided","timestamp":"2025-09-23T15:26:40.915Z"}
{"error":{},"level":"error","message":"Invalid token","timestamp":"2025-09-23T15:26:40.949Z"}
{"level":"warn","message":"Unauthorized access attempt by user 1","timestamp":"2025-09-23T15:26:40.984Z"}
{"errors":[{"location":"body","msg":"Invalid value","path":"name","type":"field","value":""}],"level":"warn","message":"Validation failed","timestamp":"2025-09-23T15:26:41.072Z"}
{"errors":[{"location":"body","msg":"Username must be at least 3 characters","path":"username","type":"field","value":"te"},{"location":"body","msg":"Password must be at least 6 characters","path":"password","type":"field","value":"pass"},{"location":"body","msg":"Role must be user or admin","path":"role","type":"field","value":"invalid"}],"level":"warn","message":"Validation failed","timestamp":"2025-09-23T15:26:41.090Z"}
{"errors":[{"location":"body","msg":"Username is required","path":"username","type":"field","value":""},{"location":"body","msg":"Password is required","path":"password","type":"field","value":""}],"level":"warn","message":"Validation failed","timestamp":"2025-09-23T15:26:41.142Z"}
{"errors":[{"location":"body","msg":"Valid productId required","path":"productId","type":"field","value":0},{"location":"body","msg":"Quantity must be a positive integer","path":"quantity","type":"field","value":0}],"level":"warn","message":"Validation failed","timestamp":"2025-09-23T15:26:41.942Z"}
{"errors":[{"location":"body","msg":"Username must be at least 3 characters","path":"username","type":"field","value":"te"},{"location":"body","msg":"Password must be at least 6 characters","path":"password","type":"field","value":"pass"},{"location":"body","msg":"Role must be user or admin","path":"role","type":"field","value":"invalid"}],"level":"warn","message":"Validation failed","timestamp":"2025-09-23T15:27:13.967Z"}
{"errors":[{"location":"body","msg":"Username is required","path":"username","type":"field","value":""},{"location":"body","msg":"Password is required","path":"password","type":"field","value":""}],"level":"warn","message":"Validation failed","timestamp":"2025-09-23T15:27:14.033Z"}
{"level":"warn","message":"No token provided","timestamp":"2025-09-23T15:27:14.090Z"}
{"error":{},"level":"error","message":"Invalid token","timestamp":"2025-09-23T15:27:14.129Z"}
{"level":"warn","message":"Unauthorized access attempt by user 1","timestamp":"2025-09-23T15:27:14.180Z"}
{"errors":[{"location":"body","msg":"Invalid value","path":"name","type":"field","value":""}],"level":"warn","message":"Validation failed","timestamp":"2025-09-23T15:27:14.280Z"}
{"errors":[{"location":"body","msg":"Valid productId required","path":"productId","type":"field","value":0},{"location":"body","msg":"Quantity must be a positive integer","path":"quantity","type":"field","value":0}],"level":"warn","message":"Validation failed","timestamp":"2025-09-23T15:27:15.288Z"}
{"errors":[{"location":"body","msg":"Name must be at least 3 characters","path":"name","type":"field","value":"ab"},{"location":"body","msg":"Price must be a positive number","path":"price","type":"field","value":-1},{"location":"body","msg":"Stock must be a non-negative integer","path":"stock","type":"field","value":-1},{"location":"body","msg":"Valid categoryId required","path":"categoryId","type":"field","value":0},{"location":"body","msg":"Description must be at least 10 characters","path":"description","type":"field","value":"short"},{"location":"body","msg":"Image is required","path":"image","type":"field","value":""}],"level":"warn","message":"Validation failed","timestamp":"2025-09-23T15:27:21.058Z"}
{"level":"warn","message":"No token provided","timestamp":"2025-09-23T15:27:43.705Z"}
{"error":{},"level":"error","message":"Invalid token","timestamp":"2025-09-23T15:27:43.733Z"}
{"level":"warn","message":"Unauthorized access attempt by user 1","timestamp":"2025-09-23T15:27:43.764Z"}
{"errors":[{"location":"body","msg":"Invalid value","path":"name","type":"field","value":""}],"level":"warn","message":"Validation failed","timestamp":"2025-09-23T15:27:43.827Z"}
{"errors":[{"location":"body","msg":"Username must be at least 3 characters","path":"username","type":"field","value":"te"},{"location":"body","msg":"Password must be at least 6 characters","path":"password","type":"field","value":"pass"},{"location":"body","msg":"Role must be user or admin","path":"role","type":"field","value":"invalid"}],"level":"warn","message":"Validation failed","timestamp":"2025-09-23T15:27:44.643Z"}
{"errors":[{"location":"body","msg":"Username is required","path":"username","type":"field","value":""},{"location":"body","msg":"Password is required","path":"password","type":"field","value":""}],"level":"warn","message":"Validation failed","timestamp":"2025-09-23T15:27:44.712Z"}
{"errors":[{"location":"body","msg":"Name must be at least 3 characters","path":"name","type":"field","value":"ab"},{"location":"body","msg":"Price must be a positive number","path":"price","type":"field","value":-1},{"location":"body","msg":"Stock must be a non-negative integer","path":"stock","type":"field","value":-1},{"location":"body","msg":"Valid categoryId required","path":"categoryId","type":"field","value":0},{"location":"body","msg":"Description must be at least 10 characters","path":"description","type":"field","value":"short"},{"location":"body","msg":"Image is required","path":"image","type":"field","value":""}],"level":"warn","message":"Validation failed","timestamp":"2025-09-23T15:27:44.965Z"}
{"errors":[{"location":"body","msg":"Valid productId required","path":"productId","type":"field","value":0},{"location":"body","msg":"Quantity must be a positive integer","path":"quantity","type":"field","value":0}],"level":"warn","message":"Validation failed","timestamp":"2025-09-23T15:27:45.692Z"}
{"errors":[{"location":"body","msg":"Name must be at least 3 characters","path":"name","type":"field","value":"ab"}],"level":"warn","message":"Validation failed","timestamp":"2025-09-23T15:27:46.358Z"}
{"level":"info","message":"Backend running on http://localhost:5000","timestamp":"2025-09-24T08:53:48.778Z"}
{"level":"info","message":"Backend running on http://localhost:5000","timestamp":"2025-09-24T09:05:34.259Z"}
{"level":"warn","message":"No token provided","timestamp":"2025-09-24T09:11:04.827Z"}
{"error":{},"level":"error","message":"Invalid token","timestamp":"2025-09-24T09:11:05.207Z"}
{"level":"warn","message":"Unauthorized access attempt by user 1","timestamp":"2025-09-24T09:11:05.237Z"}
{"errors":[{"location":"body","msg":"Valid productId required","path":"productId","type":"field","value":0},{"location":"body","msg":"Quantity must be a positive integer","path":"quantity","type":"field","value":0}],"level":"warn","message":"Validation failed","timestamp":"2025-09-24T09:11:07.547Z"}
{"errors":[{"location":"body","msg":"Invalid value","path":"name","type":"field","value":""}],"level":"warn","message":"Validation failed","timestamp":"2025-09-24T09:11:07.633Z"}
{"errors":[{"location":"body","msg":"Username must be at least 3 characters","path":"username","type":"field","value":"te"},{"location":"body","msg":"Password must be at least 6 characters","path":"password","type":"field","value":"pass"},{"location":"body","msg":"Role must be user or admin","path":"role","type":"field","value":"invalid"}],"level":"warn","message":"Validation failed","timestamp":"2025-09-24T09:11:11.594Z"}
{"errors":[{"location":"body","msg":"Username is required","path":"username","type":"field","value":""},{"location":"body","msg":"Password is required","path":"password","type":"field","value":""}],"level":"warn","message":"Validation failed","timestamp":"2025-09-24T09:11:11.631Z"}
{"errors":[{"location":"body","msg":"Name must be at least 3 characters","path":"name","type":"field","value":"ab"},{"location":"body","msg":"Price must be a positive number","path":"price","type":"field","value":-1},{"location":"body","msg":"Stock must be a non-negative integer","path":"stock","type":"field","value":-1},{"location":"body","msg":"Valid categoryId required","path":"categoryId","type":"field","value":0},{"location":"body","msg":"Description must be at least 10 characters","path":"description","type":"field","value":"short"},{"location":"body","msg":"Image is required","path":"image","type":"field","value":""}],"level":"warn","message":"Validation failed","timestamp":"2025-09-24T09:11:14.895Z"}
{"errors":[{"location":"body","msg":"Name must be at least 3 characters","path":"name","type":"field","value":"ab"}],"level":"warn","message":"Validation failed","timestamp":"2025-09-24T09:11:19.943Z"}
{"level":"info","message":"Backend running on http://localhost:5000","timestamp":"2025-09-24T09:31:35.861Z"}
{"level":"info","message":"Backend running on http://localhost:5000","timestamp":"2025-09-24T09:32:32.770Z"}
{"level":"info","message":"Backend running on http://localhost:5000","timestamp":"2025-09-24T09:36:58.607Z"}
{"level":"info","message":"Backend running on http://localhost:5000","timestamp":"2025-09-24T09:37:36.471Z"}
{"level":"warn","message":"No token provided","timestamp":"2025-09-24T09:37:42.650Z"}
{"error":{},"level":"error","message":"Invalid token","timestamp":"2025-09-24T09:37:42.688Z"}
{"level":"warn","message":"Unauthorized access attempt by user 1","timestamp":"2025-09-24T09:37:42.734Z"}
{"errors":[{"location":"body","msg":"Invalid value","path":"name","type":"field","value":""}],"level":"warn","message":"Validation failed","timestamp":"2025-09-24T09:37:43.107Z"}
{"errors":[{"location":"body","msg":"Valid productId required","path":"productId","type":"field","value":0},{"location":"body","msg":"Quantity must be a positive integer","path":"quantity","type":"field","value":0}],"level":"warn","message":"Validation failed","timestamp":"2025-09-24T09:37:43.816Z"}
{"errors":[{"location":"body","msg":"Name must be at least 3 characters","path":"name","type":"field","value":"ab"},{"location":"body","msg":"Price must be a positive number","path":"price","type":"field","value":-1},{"location":"body","msg":"Stock must be a non-negative integer","path":"stock","type":"field","value":-1},{"location":"body","msg":"Valid categoryId required","path":"categoryId","type":"field","value":0},{"location":"body","msg":"Description must be at least 10 characters","path":"description","type":"field","value":"short"},{"location":"body","msg":"Image is required","path":"image","type":"field","value":""}],"level":"warn","message":"Validation failed","timestamp":"2025-09-24T09:37:46.168Z"}
{"errors":[{"location":"body","msg":"Username must be at least 3 characters","path":"username","type":"field","value":"te"},{"location":"body","msg":"Password must be at least 6 characters","path":"password","type":"field","value":"pass"},{"location":"body","msg":"Role must be user or admin","path":"role","type":"field","value":"invalid"}],"level":"warn","message":"Validation failed","timestamp":"2025-09-24T09:37:47.234Z"}
{"errors":[{"location":"body","msg":"Username is required","path":"username","type":"field","value":""},{"location":"body","msg":"Password is required","path":"password","type":"field","value":""}],"level":"warn","message":"Validation failed","timestamp":"2025-09-24T09:37:47.272Z"}
{"errors":[{"location":"body","msg":"Name must be at least 3 characters","path":"name","type":"field","value":"ab"}],"level":"warn","message":"Validation failed","timestamp":"2025-09-24T09:37:47.887Z"}
{"level":"info","message":"Backend running on http://localhost:5000","timestamp":"2025-09-24T09:41:52.405Z"}
{"error":{"clientVersion":"6.16.2","name":"PrismaClientInitializationError"},"level":"error","message":"Error fetching products","timestamp":"2025-09-24T10:21:48.918Z"}
{"error":{"clientVersion":"6.16.2","name":"PrismaClientInitializationError"},"level":"error","message":"Error fetching categories","timestamp":"2025-09-24T10:21:48.963Z"}
{"error":{"clientVersion":"6.16.2","name":"PrismaClientInitializationError"},"level":"error","message":"Error fetching categories","timestamp":"2025-09-24T10:23:22.069Z"}
{"error":{"clientVersion":"6.16.2","name":"PrismaClientInitializationError"},"level":"error","message":"Error fetching products","timestamp":"2025-09-24T10:23:22.443Z"}
{"error":{"clientVersion":"6.16.2","name":"PrismaClientInitializationError"},"level":"error","message":"Error fetching categories","timestamp":"2025-09-24T10:26:04.210Z"}
{"error":{"clientVersion":"6.16.2","name":"PrismaClientInitializationError"},"level":"error","message":"Error fetching products","timestamp":"2025-09-24T10:26:04.237Z"}
{"error":{"clientVersion":"6.16.2","name":"PrismaClientInitializationError"},"level":"error","message":"Error fetching categories","timestamp":"2025-09-24T10:28:13.547Z"}
{"error":{"clientVersion":"6.16.2","name":"PrismaClientInitializationError"},"level":"error","message":"Error fetching products","timestamp":"2025-09-24T10:28:13.672Z"}
{"error":{"clientVersion":"6.16.2","name":"PrismaClientInitializationError"},"level":"error","message":"Error fetching products","timestamp":"2025-09-24T10:29:41.941Z"}
{"error":{"clientVersion":"6.16.2","name":"PrismaClientInitializationError"},"level":"error","message":"Error fetching categories","timestamp":"2025-09-24T10:29:42.067Z"}
{"error":{"clientVersion":"6.16.2","name":"PrismaClientInitializationError"},"level":"error","message":"Error fetching categories","timestamp":"2025-09-24T10:30:04.896Z"}
{"error":{"clientVersion":"6.16.2","name":"PrismaClientInitializationError"},"level":"error","message":"Error fetching products","timestamp":"2025-09-24T10:30:05.064Z"}
{"error":{"clientVersion":"6.16.2","name":"PrismaClientInitializationError"},"level":"error","message":"Error fetching categories","timestamp":"2025-09-24T10:30:42.188Z"}
{"error":{"clientVersion":"6.16.2","name":"PrismaClientInitializationError"},"level":"error","message":"Error fetching products","timestamp":"2025-09-24T10:30:42.339Z"}
{"error":{"clientVersion":"6.16.2","name":"PrismaClientInitializationError"},"level":"error","message":"Error fetching products","timestamp":"2025-09-24T10:30:42.345Z"}
{"error":{"clientVersion":"6.16.2","name":"PrismaClientInitializationError"},"level":"error","message":"Error fetching products","timestamp":"2025-09-24T10:33:03.123Z"}
{"error":{"clientVersion":"6.16.2","name":"PrismaClientInitializationError"},"level":"error","message":"Error fetching products","timestamp":"2025-09-24T13:00:10.011Z"}
{"error":{"clientVersion":"6.16.2","name":"PrismaClientInitializationError"},"level":"error","message":"Error fetching categories","timestamp":"2025-09-24T13:00:13.154Z"}
{"errors":[{"location":"body","msg":"Valid productId required","path":"productId","type":"field","value":0},{"location":"body","msg":"Quantity must be a positive integer","path":"quantity","type":"field","value":0}],"level":"warn","message":"Validation failed","timestamp":"2025-09-25T07:20:04.992Z"}
{"level":"warn","message":"No token provided","timestamp":"2025-09-25T07:20:06.993Z"}
{"error":{},"level":"error","message":"Invalid token","timestamp":"2025-09-25T07:20:07.006Z"}
{"level":"warn","message":"Unauthorized access attempt by user 1","timestamp":"2025-09-25T07:20:07.026Z"}
{"errors":[{"location":"body","msg":"Invalid value","path":"name","type":"field","value":""}],"level":"warn","message":"Validation failed","timestamp":"2025-09-25T07:20:07.055Z"}
{"errors":[{"location":"body","msg":"Name must be at least 3 characters","path":"name","type":"field","value":"ab"},{"location":"body","msg":"Price must be a positive number","path":"price","type":"field","value":-1},{"location":"body","msg":"Stock must be a non-negative integer","path":"stock","type":"field","value":-1},{"location":"body","msg":"Valid categoryId required","path":"categoryId","type":"field","value":0},{"location":"body","msg":"Description must be at least 10 characters","path":"description","type":"field","value":"short"},{"location":"body","msg":"Image is required","path":"image","type":"field","value":""}],"level":"warn","message":"Validation failed","timestamp":"2025-09-25T07:20:18.443Z"}
{"errors":[{"location":"body","msg":"Username must be at least 3 characters","path":"username","type":"field","value":"te"},{"location":"body","msg":"Password must be at least 6 characters","path":"password","type":"field","value":"pass"},{"location":"body","msg":"Role must be user or admin","path":"role","type":"field","value":"invalid"}],"level":"warn","message":"Validation failed","timestamp":"2025-09-25T07:20:19.785Z"}
{"errors":[{"location":"body","msg":"Username is required","path":"username","type":"field","value":""},{"location":"body","msg":"Password is required","path":"password","type":"field","value":""}],"level":"warn","message":"Validation failed","timestamp":"2025-09-25T07:20:19.825Z"}
{"errors":[{"location":"body","msg":"Name must be at least 3 characters","path":"name","type":"field","value":"ab"}],"level":"warn","message":"Validation failed","timestamp":"2025-09-25T07:20:22.422Z"}
{"errors":[{"location":"body","msg":"Valid productId required","path":"productId","type":"field","value":0},{"location":"body","msg":"Quantity must be a positive integer","path":"quantity","type":"field","value":0}],"level":"warn","message":"Validation failed","timestamp":"2025-09-25T11:25:30.374Z"}
{"errors":[{"location":"body","msg":"Name must be at least 3 characters","path":"name","type":"field","value":"ab"},{"location":"body","msg":"Price must be a positive number","path":"price","type":"field","value":-1},{"location":"body","msg":"Stock must be a non-negative integer","path":"stock","type":"field","value":-1},{"location":"body","msg":"Valid categoryId required","path":"categoryId","type":"field","value":0},{"location":"body","msg":"Description must be at least 10 characters","path":"description","type":"field","value":"short"},{"location":"body","msg":"Image is required","path":"image","type":"field","value":""}],"level":"warn","message":"Validation failed","timestamp":"2025-09-25T11:26:50.013Z"}
{"level":"warn","message":"No token provided","timestamp":"2025-09-25T11:27:18.736Z"}
{"error":{},"level":"error","message":"Invalid token","timestamp":"2025-09-25T11:27:18.748Z"}
{"level":"warn","message":"Unauthorized access attempt by user 1","timestamp":"2025-09-25T11:27:18.772Z"}
{"errors":[{"location":"body","msg":"Invalid value","path":"name","type":"field","value":""}],"level":"warn","message":"Validation failed","timestamp":"2025-09-25T11:27:18.806Z"}
{"errors":[{"location":"body","msg":"Username must be at least 3 characters","path":"username","type":"field","value":"te"},{"location":"body","msg":"Password must be at least 6 characters","path":"password","type":"field","value":"pass"},{"location":"body","msg":"Role must be user or admin","path":"role","type":"field","value":"invalid"}],"level":"warn","message":"Validation failed","timestamp":"2025-09-25T11:27:19.989Z"}
{"errors":[{"location":"body","msg":"Username is required","path":"username","type":"field","value":""},{"location":"body","msg":"Password is required","path":"password","type":"field","value":""}],"level":"warn","message":"Validation failed","timestamp":"2025-09-25T11:27:20.012Z"}
{"errors":[{"location":"body","msg":"Name must be at least 3 characters","path":"name","type":"field","value":"ab"}],"level":"warn","message":"Validation failed","timestamp":"2025-09-25T11:27:21.414Z"}
{"level":"info","message":"Backend running on http://localhost:5000","timestamp":"2025-09-25T13:53:58.106Z"}
{"error":{"clientVersion":"6.16.2","name":"PrismaClientInitializationError"},"level":"error","message":"Error fetching products","timestamp":"2025-09-25T13:56:16.216Z"}
{"error":{"clientVersion":"6.16.2","name":"PrismaClientInitializationError"},"level":"error","message":"Error fetching categories","timestamp":"2025-09-25T13:56:16.375Z"}
{"level":"info","message":"Backend running on http://localhost:5000","timestamp":"2025-09-26T10:23:54.101Z"}
{"error":{"clientVersion":"6.16.2","name":"PrismaClientInitializationError"},"level":"error","message":"Error fetching products","timestamp":"2025-09-26T10:24:09.080Z"}
{"error":{"clientVersion":"6.16.2","name":"PrismaClientInitializationError"},"level":"error","message":"Error fetching categories","timestamp":"2025-09-26T10:24:09.107Z"}
{"error":{"clientVersion":"6.16.2","name":"PrismaClientInitializationError"},"level":"error","message":"Error fetching categories","timestamp":"2025-09-26T10:48:42.959Z"}
{"error":{"clientVersion":"6.16.2","name":"PrismaClientInitializationError"},"level":"error","message":"Error fetching products","timestamp":"2025-09-26T10:48:42.997Z"}
{"level":"info","message":"Backend running on http://localhost:5000","timestamp":"2025-09-29T07:10:35.062Z"}
{"error":{"clientVersion":"6.16.2","name":"PrismaClientInitializationError"},"level":"error","message":"Error fetching products","timestamp":"2025-09-29T07:11:11.091Z"}
{"error":{"clientVersion":"6.16.2","name":"PrismaClientInitializationError"},"level":"error","message":"Error fetching products","timestamp":"2025-09-29T07:11:11.099Z"}
{"error":{"clientVersion":"6.16.2","name":"PrismaClientInitializationError"},"level":"error","message":"Error fetching categories","timestamp":"2025-09-29T07:11:11.158Z"}
{"error":{"clientVersion":"6.16.2","name":"PrismaClientInitializationError"},"level":"error","message":"Error fetching products","timestamp":"2025-09-29T07:19:43.162Z"}
{"error":{"clientVersion":"6.16.2","name":"PrismaClientInitializationError"},"level":"error","message":"Error fetching categories","timestamp":"2025-09-29T07:20:03.479Z"}
{"error":{"clientVersion":"6.16.2","name":"PrismaClientInitializationError"},"level":"error","message":"Error fetching products","timestamp":"2025-09-29T07:20:03.571Z"}
{"error":{"clientVersion":"6.16.2","name":"PrismaClientInitializationError"},"level":"error","message":"Error fetching categories","timestamp":"2025-09-29T07:41:31.553Z"}
{"error":{"clientVersion":"6.16.2","name":"PrismaClientInitializationError"},"level":"error","message":"Error fetching products","timestamp":"2025-09-29T07:41:31.597Z"}
{"error":{"clientVersion":"6.16.2","name":"PrismaClientInitializationError"},"level":"error","message":"Error fetching products","timestamp":"2025-09-29T07:47:24.697Z"}
{"error":{"clientVersion":"6.16.2","name":"PrismaClientInitializationError"},"level":"error","message":"Error fetching products","timestamp":"2025-09-29T07:47:24.706Z"}
{"error":{"clientVersion":"6.16.2","name":"PrismaClientInitializationError"},"level":"error","message":"Error fetching products","timestamp":"2025-09-29T07:47:24.735Z"}
{"error":{"clientVersion":"6.16.2","name":"PrismaClientInitializationError"},"level":"error","message":"Error fetching categories","timestamp":"2025-09-29T07:47:24.758Z"}
{"error":{"clientVersion":"6.16.2","name":"PrismaClientInitializationError"},"level":"error","message":"Error fetching categories","timestamp":"2025-09-29T07:47:24.761Z"}
{"error":{"clientVersion":"6.16.2","name":"PrismaClientInitializationError"},"level":"error","message":"Error fetching categories","timestamp":"2025-09-29T07:47:24.763Z"}
{"error":{"clientVersion":"6.16.2","name":"PrismaClientInitializationError"},"level":"error","message":"Error fetching products","timestamp":"2025-09-29T07:47:25.179Z"}
{"error":{"clientVersion":"6.16.2","name":"PrismaClientInitializationError"},"level":"error","message":"Error fetching categories","timestamp":"2025-09-29T07:47:25.376Z"}
{"error":{"clientVersion":"6.16.2","name":"PrismaClientInitializationError"},"level":"error","message":"Error fetching products","timestamp":"2025-09-29T08:02:13.402Z"}
{"error":{"clientVersion":"6.16.2","name":"PrismaClientInitializationError"},"level":"error","message":"Error fetching categories","timestamp":"2025-09-29T08:02:13.427Z"}
{"error":{"clientVersion":"6.16.2","name":"PrismaClientInitializationError"},"level":"error","message":"Error fetching categories","timestamp":"2025-09-29T08:10:49.766Z"}
{"error":{"clientVersion":"6.16.2","name":"PrismaClientInitializationError"},"level":"error","message":"Error fetching products","timestamp":"2025-09-29T08:10:50.032Z"}
{"error":{"clientVersion":"6.16.2","name":"PrismaClientInitializationError"},"level":"error","message":"Error fetching products","timestamp":"2025-09-29T08:16:28.600Z"}
{"error":{"clientVersion":"6.16.2","name":"PrismaClientInitializationError"},"level":"error","message":"Error fetching products","timestamp":"2025-09-29T08:16:28.603Z"}
{"error":{"clientVersion":"6.16.2","name":"PrismaClientInitializationError"},"level":"error","message":"Error fetching categories","timestamp":"2025-09-29T08:25:14.051Z"}
{"error":{"clientVersion":"6.16.2","name":"PrismaClientInitializationError"},"level":"error","message":"Error fetching products","timestamp":"2025-09-29T08:25:14.184Z"}
{"error":{"clientVersion":"6.16.2","name":"PrismaClientInitializationError"},"level":"error","message":"Error fetching categories","timestamp":"2025-09-29T08:31:46.723Z"}
{"error":{"clientVersion":"6.16.2","name":"PrismaClientInitializationError"},"level":"error","message":"Error fetching products","timestamp":"2025-09-29T08:31:46.844Z"}
{"error":{"clientVersion":"6.16.2","name":"PrismaClientInitializationError"},"level":"error","message":"Error fetching products","timestamp":"2025-09-29T08:40:43.338Z"}
{"error":{"clientVersion":"6.16.2","name":"PrismaClientInitializationError"},"level":"error","message":"Error fetching categories","timestamp":"2025-09-29T08:40:43.505Z"}
{"error":{"clientVersion":"6.16.2","name":"PrismaClientInitializationError"},"level":"error","message":"Error fetching products","timestamp":"2025-09-29T08:40:59.816Z"}
{"error":{"clientVersion":"6.16.2","name":"PrismaClientInitializationError"},"level":"error","message":"Error fetching categories","timestamp":"2025-09-29T08:41:33.120Z"}
{"error":{"clientVersion":"6.16.2","name":"PrismaClientInitializationError"},"level":"error","message":"Error fetching products","timestamp":"2025-09-29T08:41:33.201Z"}
{"error":{"clientVersion":"6.16.2","name":"PrismaClientInitializationError"},"level":"error","message":"Error fetching categories","timestamp":"2025-09-29T08:43:08.194Z"}
{"error":{"clientVersion":"6.16.2","name":"PrismaClientInitializationError"},"level":"error","message":"Error fetching products","timestamp":"2025-09-29T08:43:08.329Z"}
{"error":{"clientVersion":"6.16.2","name":"PrismaClientInitializationError"},"level":"error","message":"Error fetching categories","timestamp":"2025-09-29T08:43:13.997Z"}
{"error":{"clientVersion":"6.16.2","name":"PrismaClientInitializationError"},"level":"error","message":"Error fetching categories","timestamp":"2025-09-29T08:44:14.966Z"}
{"error":{"clientVersion":"6.16.2","name":"PrismaClientInitializationError"},"level":"error","message":"Error fetching products","timestamp":"2025-09-29T08:44:15.004Z"}
{"error":{"clientVersion":"6.16.2","name":"PrismaClientInitializationError"},"level":"error","message":"Error fetching categories","timestamp":"2025-09-29T08:57:32.392Z"}
{"error":{"clientVersion":"6.16.2","name":"PrismaClientInitializationError"},"level":"error","message":"Error fetching products","timestamp":"2025-09-29T08:57:32.516Z"}
{"error":{"clientVersion":"6.16.2","name":"PrismaClientInitializationError"},"level":"error","message":"Error fetching categories","timestamp":"2025-09-29T09:02:45.733Z"}
{"error":{"clientVersion":"6.16.2","name":"PrismaClientInitializationError"},"level":"error","message":"Error fetching products","timestamp":"2025-09-29T09:02:46.048Z"}
{"error":{"clientVersion":"6.16.2","name":"PrismaClientInitializationError"},"level":"error","message":"Error fetching categories","timestamp":"2025-09-29T09:41:49.715Z"}
{"error":{"clientVersion":"6.16.2","name":"PrismaClientInitializationError"},"level":"error","message":"Error fetching products","timestamp":"2025-09-29T09:41:51.436Z"}
{"error":{"clientVersion":"6.16.2","name":"PrismaClientInitializationError"},"level":"error","message":"Error fetching products","timestamp":"2025-09-29T09:51:18.317Z"}
{"error":{"clientVersion":"6.16.2","name":"PrismaClientInitializationError"},"level":"error","message":"Error fetching categories","timestamp":"2025-09-29T09:51:18.359Z"}
{"error":{"clientVersion":"6.16.2","name":"PrismaClientInitializationError"},"level":"error","message":"Error fetching products","timestamp":"2025-09-29T09:52:28.599Z"}
{"error":{"clientVersion":"6.16.2","name":"PrismaClientInitializationError"},"level":"error","message":"Error fetching categories","timestamp":"2025-09-29T09:52:28.653Z"}
{"error":{"clientVersion":"6.16.2","name":"PrismaClientInitializationError"},"level":"error","message":"Error fetching products","timestamp":"2025-09-29T09:53:19.174Z"}
{"error":{"clientVersion":"6.16.2","name":"PrismaClientInitializationError"},"level":"error","message":"Error fetching categories","timestamp":"2025-09-29T09:53:19.278Z"}
{"error":{"clientVersion":"6.16.2","name":"PrismaClientInitializationError"},"level":"error","message":"Error fetching products","timestamp":"2025-09-29T09:54:37.731Z"}
{"error":{"clientVersion":"6.16.2","name":"PrismaClientInitializationError"},"level":"error","message":"Error fetching categories","timestamp":"2025-09-29T09:54:37.891Z"}
{"error":{"clientVersion":"6.16.2","name":"PrismaClientInitializationError"},"level":"error","message":"Error fetching products","timestamp":"2025-09-29T10:11:16.633Z"}
{"error":{"clientVersion":"6.16.2","name":"PrismaClientInitializationError"},"level":"error","message":"Error fetching categories","timestamp":"2025-09-29T10:11:16.679Z"}
{"error":{"clientVersion":"6.16.2","name":"PrismaClientInitializationError"},"level":"error","message":"Error fetching categories","timestamp":"2025-09-29T10:26:12.264Z"}
{"error":{"clientVersion":"6.16.2","name":"PrismaClientInitializationError"},"level":"error","message":"Error fetching products","timestamp":"2025-09-29T10:26:12.286Z"}
{"error":{"clientVersion":"6.16.2","name":"PrismaClientInitializationError"},"level":"error","message":"Error fetching categories","timestamp":"2025-09-29T10:29:17.446Z"}
{"error":{"clientVersion":"6.16.2","name":"PrismaClientInitializationError"},"level":"error","message":"Error fetching products","timestamp":"2025-09-29T10:29:17.546Z"}
{"error":{"clientVersion":"6.16.2","name":"PrismaClientInitializationError"},"level":"error","message":"Error fetching products","timestamp":"2025-09-29T10:31:16.554Z"}
{"error":{"clientVersion":"6.16.2","name":"PrismaClientInitializationError"},"level":"error","message":"Error fetching categories","timestamp":"2025-09-29T10:31:16.567Z"}
{"error":{"clientVersion":"6.16.2","name":"PrismaClientInitializationError"},"level":"error","message":"Error fetching products","timestamp":"2025-09-29T10:37:58.060Z"}
{"error":{"clientVersion":"6.16.2","name":"PrismaClientInitializationError"},"level":"error","message":"Error fetching categories","timestamp":"2025-09-29T10:37:58.081Z"}
{"error":{"clientVersion":"6.16.2","name":"PrismaClientInitializationError"},"level":"error","message":"Error fetching categories","timestamp":"2025-09-29T10:57:44.900Z"}
{"error":{"clientVersion":"6.16.2","name":"PrismaClientInitializationError"},"level":"error","message":"Error fetching products","timestamp":"2025-09-29T10:57:45.201Z"}
{"error":{"clientVersion":"6.16.2","name":"PrismaClientInitializationError"},"level":"error","message":"Error fetching products","timestamp":"2025-09-29T10:57:45.204Z"}
{"error":{"clientVersion":"6.16.2","name":"PrismaClientInitializationError"},"level":"error","message":"Error fetching categories","timestamp":"2025-09-29T10:57:45.407Z"}
{"error":{"clientVersion":"6.16.2","name":"PrismaClientInitializationError"},"level":"error","message":"Error fetching products","timestamp":"2025-09-29T10:57:52.560Z"}
{"error":{"clientVersion":"6.16.2","name":"PrismaClientInitializationError"},"level":"error","message":"Error fetching categories","timestamp":"2025-09-29T10:57:52.722Z"}
{"error":{"clientVersion":"6.16.2","name":"PrismaClientInitializationError"},"level":"error","message":"Error fetching categories","timestamp":"2025-09-29T11:04:29.297Z"}
{"error":{"clientVersion":"6.16.2","name":"PrismaClientInitializationError"},"level":"error","message":"Error fetching products","timestamp":"2025-09-29T11:04:29.497Z"}
{"error":{"clientVersion":"6.16.2","name":"PrismaClientInitializationError"},"level":"error","message":"Error fetching products","timestamp":"2025-09-29T11:16:44.285Z"}
{"error":{"clientVersion":"6.16.2","name":"PrismaClientInitializationError"},"level":"error","message":"Error fetching categories","timestamp":"2025-09-29T11:16:44.421Z"}
{"error":{"clientVersion":"6.16.2","name":"PrismaClientInitializationError"},"level":"error","message":"Error fetching products","timestamp":"2025-09-29T11:16:49.281Z"}
{"error":{"clientVersion":"6.16.2","name":"PrismaClientInitializationError"},"level":"error","message":"Error fetching categories","timestamp":"2025-09-29T11:16:49.427Z"}
{"error":{"clientVersion":"6.16.2","name":"PrismaClientInitializationError"},"level":"error","message":"Error fetching products","timestamp":"2025-09-29T11:20:07.799Z"}
{"error":{"clientVersion":"6.16.2","name":"PrismaClientInitializationError"},"level":"error","message":"Error fetching categories","timestamp":"2025-09-29T11:20:07.954Z"}
{"error":{"clientVersion":"6.16.2","name":"PrismaClientInitializationError"},"level":"error","message":"Error fetching categories","timestamp":"2025-09-29T11:20:12.991Z"}
{"error":{"clientVersion":"6.16.2","name":"PrismaClientInitializationError"},"level":"error","message":"Error fetching products","timestamp":"2025-09-29T11:20:12.997Z"}
{"error":{"clientVersion":"6.16.2","name":"PrismaClientInitializationError"},"level":"error","message":"Error fetching categories","timestamp":"2025-09-29T11:21:26.037Z"}
{"error":{"clientVersion":"6.16.2","name":"PrismaClientInitializationError"},"level":"error","message":"Error fetching products","timestamp":"2025-09-29T11:21:26.092Z"}
{"error":{"clientVersion":"6.16.2","name":"PrismaClientInitializationError"},"level":"error","message":"Error fetching products","timestamp":"2025-09-29T11:21:31.554Z"}
{"error":{"clientVersion":"6.16.2","name":"PrismaClientInitializationError"},"level":"error","message":"Error fetching categories","timestamp":"2025-09-29T11:21:31.936Z"}
{"error":{"clientVersion":"6.16.2","name":"PrismaClientInitializationError"},"level":"error","message":"Error fetching categories","timestamp":"2025-09-29T11:26:10.377Z"}
{"error":{"clientVersion":"6.16.2","name":"PrismaClientInitializationError"},"level":"error","message":"Error fetching products","timestamp":"2025-09-29T11:26:10.434Z"}
{"error":{"clientVersion":"6.16.2","name":"PrismaClientInitializationError"},"level":"error","message":"Error logging in","timestamp":"2025-09-29T11:34:09.637Z"}
{"error":{"clientVersion":"6.16.2","name":"PrismaClientInitializationError"},"level":"error","message":"Error logging in","timestamp":"2025-09-29T11:34:21.757Z"}
{"error":{"clientVersion":"6.16.2","name":"PrismaClientInitializationError"},"level":"error","message":"Error registering user","timestamp":"2025-09-29T11:36:13.985Z"}
{"error":{"clientVersion":"6.16.2","name":"PrismaClientInitializationError"},"level":"error","message":"Error logging in","timestamp":"2025-09-29T11:36:35.984Z"}
{"error":{"clientVersion":"6.16.2","name":"PrismaClientInitializationError"},"level":"error","message":"Error registering user","timestamp":"2025-09-29T11:58:33.474Z"}
{"error":{"clientVersion":"6.16.2","name":"PrismaClientInitializationError"},"level":"error","message":"Error fetching products","timestamp":"2025-09-29T11:58:45.842Z"}
{"error":{"clientVersion":"6.16.2","name":"PrismaClientInitializationError"},"level":"error","message":"Error fetching products","timestamp":"2025-09-29T11:58:45.848Z"}
{"error":{"clientVersion":"6.16.2","name":"PrismaClientInitializationError"},"level":"error","message":"Error fetching categories","timestamp":"2025-09-29T11:58:58.119Z"}
{"error":{"clientVersion":"6.16.2","name":"PrismaClientInitializationError"},"level":"error","message":"Error fetching products","timestamp":"2025-09-29T11:58:58.123Z"}
{"error":{"clientVersion":"6.16.2","name":"PrismaClientInitializationError"},"level":"error","message":"Error fetching categories","timestamp":"2025-09-29T13:36:15.804Z"}
{"error":{"clientVersion":"6.16.2","name":"PrismaClientInitializationError"},"level":"error","message":"Error fetching products","timestamp":"2025-09-29T13:36:17.803Z"}
{"error":{"clientVersion":"6.16.2","name":"PrismaClientInitializationError"},"level":"error","message":"Error fetching products","timestamp":"2025-09-29T13:45:13.552Z"}
{"error":{"clientVersion":"6.16.2","name":"PrismaClientInitializationError"},"level":"error","message":"Error fetching categories","timestamp":"2025-09-29T13:45:20.531Z"}
{"error":{"clientVersion":"6.16.2","name":"PrismaClientInitializationError"},"level":"error","message":"Error fetching products","timestamp":"2025-09-29T13:47:06.457Z"}
{"error":{"clientVersion":"6.16.2","name":"PrismaClientInitializationError"},"level":"error","message":"Error fetching categories","timestamp":"2025-09-29T13:47:06.723Z"}
{"error":{"clientVersion":"6.16.2","name":"PrismaClientInitializationError"},"level":"error","message":"Error fetching products","timestamp":"2025-09-29T14:03:21.300Z"}
{"error":{"clientVersion":"6.16.2","name":"PrismaClientInitializationError"},"level":"error","message":"Error fetching categories","timestamp":"2025-09-29T14:03:24.185Z"}
{"level":"info","message":"✅ Database connected successfully","timestamp":"2025-10-01T07:25:46.138Z"}
{"level":"info","message":"✅ Backend running on http://localhost:5000","timestamp":"2025-10-01T07:25:46.255Z"}
{"level":"info","message":"📚 Swagger docs: http://localhost:5000/api-docs","timestamp":"2025-10-01T07:25:46.256Z"}
{"level":"info","message":"✅ Database connected successfully","timestamp":"2025-10-01T07:34:30.803Z"}
{"level":"info","message":"✅ Backend running on http://localhost:5000","timestamp":"2025-10-01T07:34:30.853Z"}
{"level":"info","message":"📚 Swagger docs: http://localhost:5000/api-docs","timestamp":"2025-10-01T07:34:30.855Z"}
{"error":{"clientVersion":"6.16.2","code":"P2021","meta":{"modelName":"User","table":"public.User"},"name":"PrismaClientKnownRequestError"},"level":"error","message":"Error registering user","timestamp":"2025-10-01T07:54:25.146Z"}
{"level":"warn","message":"🛑 Received SIGINT. Shutting down...","timestamp":"2025-10-01T07:58:52.918Z"}
{"level":"info","message":"✅ Database connected successfully","timestamp":"2025-10-01T08:02:45.260Z"}
{"level":"warn","message":"🛑 Received SIGINT. Shutting down...","timestamp":"2025-10-01T08:03:24.442Z"}
{"level":"info","message":"✅ Database connected successfully","timestamp":"2025-10-01T08:03:50.953Z"}
{"level":"warn","message":"🛑 Received SIGINT. Shutting down...","timestamp":"2025-10-01T08:05:48.707Z"}
{"level":"info","message":"✅ Database connected successfully","timestamp":"2025-10-01T08:06:41.241Z"}
{"level":"info","message":"✅ Database connected successfully","timestamp":"2025-10-01T08:08:14.934Z"}
{"level":"warn","message":"🛑 Received SIGINT. Shutting down...","timestamp":"2025-10-01T08:09:24.957Z"}
{"level":"info","message":"✅ Database connected successfully","timestamp":"2025-10-01T08:54:37.757Z"}
{"level":"info","message":"✅ Backend running on http://localhost:5000","timestamp":"2025-10-01T08:54:37.843Z"}
{"level":"info","message":"📚 Swagger docs: http://localhost:5000/api-docs","timestamp":"2025-10-01T08:54:37.844Z"}
{"level":"info","message":"User registered successfully","timestamp":"2025-10-01T09:08:28.964Z","username":"SimonKeya"}
{"level":"info","message":"User logged in successfully","timestamp":"2025-10-01T09:08:45.780Z","userId":1,"username":"SimonKeya"}
{"level":"info","message":"Client connected","socketId":"BSpuaENsMQS_zKBDAAAB","timestamp":"2025-10-01T09:10:51.646Z"}
{"count":0,"level":"info","message":"Fetched orders","timestamp":"2025-10-01T09:10:51.754Z"}
{"level":"info","message":"Client disconnected","socketId":"BSpuaENsMQS_zKBDAAAB","timestamp":"2025-10-01T09:11:07.328Z"}
{"count":0,"level":"info","message":"Fetched orders","timestamp":"2025-10-01T09:14:51.662Z"}
{"level":"info","message":"Client connected","socketId":"S9435E3JmKF9Ev9VAAAD","timestamp":"2025-10-01T09:14:51.865Z"}
{"level":"info","message":"Client disconnected","socketId":"S9435E3JmKF9Ev9VAAAD","timestamp":"2025-10-01T09:47:46.105Z"}
{"error":{"expiredAt":"2025-10-01T10:08:45.000Z","message":"jwt expired","name":"TokenExpiredError"},"level":"error","message":"Invalid token","timestamp":"2025-10-01T11:29:42.330Z"}
{"level":"info","message":"Client connected","socketId":"By1hhu6jIqFnSEFbAAAF","timestamp":"2025-10-01T11:29:42.382Z"}
{"level":"info","message":"Client disconnected","socketId":"By1hhu6jIqFnSEFbAAAF","timestamp":"2025-10-01T11:30:06.453Z"}
{"level":"info","message":"User logged in successfully","timestamp":"2025-10-01T11:30:31.027Z","userId":1,"username":"SimonKeya"}
{"level":"info","message":"Client connected","socketId":"26mTNIv7fcJUSAOpAAAI","timestamp":"2025-10-01T11:30:31.667Z"}
{"count":0,"level":"info","message":"Fetched orders","timestamp":"2025-10-01T11:30:31.832Z"}
{"count":0,"level":"info","message":"Fetched orders","timestamp":"2025-10-01T11:30:31.854Z"}
{"level":"info","message":"Client disconnected","socketId":"26mTNIv7fcJUSAOpAAAI","timestamp":"2025-10-01T11:31:07.451Z"}
{"level":"info","message":"✅ Database connected successfully","timestamp":"2025-10-01T11:47:16.266Z"}
{"level":"info","message":"✅ Backend running on http://localhost:5000","timestamp":"2025-10-01T11:47:16.295Z"}
{"level":"info","message":"📚 Swagger docs: http://localhost:5000/api-docs","timestamp":"2025-10-01T11:47:16.296Z"}
{"level":"info","message":"✅ Database connected successfully","timestamp":"2025-10-01T11:58:41.008Z"}
{"level":"info","message":"✅ Backend running on http://localhost:5000","timestamp":"2025-10-01T11:58:41.031Z"}
{"level":"info","message":"📚 Swagger docs: http://localhost:5000/api-docs","timestamp":"2025-10-01T11:58:41.062Z"}
{"level":"info","message":"✅ Database connected successfully","timestamp":"2025-10-01T11:59:16.417Z"}
{"level":"info","message":"✅ Backend running on http://localhost:5000","timestamp":"2025-10-01T11:59:16.443Z"}
{"level":"info","message":"📚 Swagger docs: http://localhost:5000/api-docs","timestamp":"2025-10-01T11:59:16.446Z"}
{"level":"info","message":"✅ Database connected successfully","timestamp":"2025-10-01T11:59:43.627Z"}
{"level":"info","message":"✅ Backend running on http://localhost:5000","timestamp":"2025-10-01T11:59:43.661Z"}
{"level":"info","message":"📚 Swagger docs: http://localhost:5000/api-docs","timestamp":"2025-10-01T11:59:43.666Z"}
{"level":"info","message":"✅ Database connected successfully","timestamp":"2025-10-01T12:05:50.293Z"}
{"level":"info","message":"✅ Backend running on http://localhost:5000","timestamp":"2025-10-01T12:05:52.607Z"}
{"level":"info","message":"📚 Swagger docs: http://localhost:5000/api-docs","timestamp":"2025-10-01T12:05:52.608Z"}
{"categoryId":1,"level":"info","message":"Category created","name":"Clothing","timestamp":"2025-10-01T12:06:45.577Z"}
{"categoryId":2,"level":"info","message":"Category created","name":"Fashion","timestamp":"2025-10-01T12:07:12.449Z"}
{"count":2,"level":"info","message":"Fetched categories","timestamp":"2025-10-01T12:07:28.544Z"}
{"count":2,"level":"info","message":"Fetched categories","timestamp":"2025-10-01T12:07:28.589Z"}
{"level":"info","message":"Client connected","socketId":"sfuD7Gy2FFciQqraAAAC","timestamp":"2025-10-01T12:08:42.714Z"}
{"count":0,"level":"info","message":"Fetched orders","timestamp":"2025-10-01T12:08:42.770Z"}
{"count":0,"level":"info","message":"Fetched orders","timestamp":"2025-10-01T12:08:42.946Z"}
{"level":"info","message":"Client disconnected","socketId":"sfuD7Gy2FFciQqraAAAC","timestamp":"2025-10-01T12:08:45.721Z"}
{"count":2,"level":"info","message":"Fetched categories","timestamp":"2025-10-01T12:08:45.826Z"}
{"count":2,"level":"info","message":"Fetched categories","timestamp":"2025-10-01T12:08:45.840Z"}
{"count":0,"level":"info","message":"Fetched products","timestamp":"2025-10-01T12:08:45.844Z"}
{"count":0,"level":"info","message":"Fetched products","timestamp":"2025-10-01T12:08:45.863Z"}
{"count":2,"level":"info","message":"Fetched categories","timestamp":"2025-10-01T12:15:33.783Z"}
{"count":0,"level":"info","message":"Fetched products","timestamp":"2025-10-01T12:15:33.796Z"}
{"count":2,"level":"info","message":"Fetched categories","timestamp":"2025-10-01T12:15:33.914Z"}
{"count":0,"level":"info","message":"Fetched products","timestamp":"2025-10-01T12:15:34.048Z"}
{"count":0,"level":"info","message":"Fetched orders","timestamp":"2025-10-01T12:24:04.461Z"}
{"level":"info","message":"Client connected","socketId":"MeGv3UOeFEChLwqHAAAE","timestamp":"2025-10-01T12:24:04.631Z"}
{"level":"info","message":"Client disconnected","socketId":"MeGv3UOeFEChLwqHAAAE","timestamp":"2025-10-01T12:24:09.045Z"}
{"count":0,"level":"info","message":"Fetched products","timestamp":"2025-10-01T12:24:09.628Z"}
{"count":0,"level":"info","message":"Fetched products","timestamp":"2025-10-01T12:24:09.721Z"}
{"count":2,"level":"info","message":"Fetched categories","timestamp":"2025-10-01T12:24:09.810Z"}
{"count":2,"level":"info","message":"Fetched categories","timestamp":"2025-10-01T12:24:09.816Z"}
{"level":"info","message":"✅ Database connected successfully","timestamp":"2025-10-01T12:51:11.761Z"}
{"level":"info","message":"✅ Database connected successfully","timestamp":"2025-10-01T13:32:15.097Z"}
{"level":"info","message":"✅ Backend running on http://localhost:5000","timestamp":"2025-10-01T13:32:20.148Z"}
{"level":"info","message":"📚 Swagger docs: http://localhost:5000/api-docs","timestamp":"2025-10-01T13:32:20.148Z"}
{"count":2,"level":"info","message":"Fetched categories","timestamp":"2025-10-01T13:32:52.013Z"}
{"count":2,"level":"info","message":"Fetched categories","timestamp":"2025-10-01T13:32:52.026Z"}
{"level":"info","message":"✅ Database connected successfully","timestamp":"2025-10-01T17:08:08.650Z"}
{"level":"info","message":"✅ Database connected successfully","timestamp":"2025-10-01T17:11:57.441Z"}
{"level":"info","message":"✅ Database connected successfully","timestamp":"2025-10-01T17:19:01.508Z"}
{"level":"info","message":"✅ Database connected successfully","timestamp":"2025-10-01T17:21:05.122Z"}
{"level":"info","message":"✅ Backend running on http://localhost:5001","timestamp":"2025-10-01T17:21:08.582Z"}
{"level":"info","message":"📚 Swagger docs: http://localhost:5001/api-docs","timestamp":"2025-10-01T17:21:08.583Z"}
{"level":"info","message":"✅ Database connected successfully","timestamp":"2025-10-02T09:23:49.344Z"}
{"level":"info","message":"✅ Backend running on http://localhost:5001","timestamp":"2025-10-02T09:24:13.630Z"}
{"level":"info","message":"📚 Swagger docs: http://localhost:5001/api-docs","timestamp":"2025-10-02T09:24:13.631Z"}
{"count":0,"level":"info","message":"Fetched products","timestamp":"2025-10-02T09:41:48.362Z"}
{"count":2,"level":"info","message":"Fetched categories","timestamp":"2025-10-02T09:41:48.719Z"}
{"level":"warn","message":"Invalid login attempt - no user","timestamp":"2025-10-02T09:46:37.071Z","username":"Simonkeya"}
{"level":"warn","message":"Invalid login attempt - no user","timestamp":"2025-10-02T09:47:01.596Z","username":"Simonkeya"}
{"level":"info","message":"User logged in successfully","timestamp":"2025-10-02T09:47:12.034Z","userId":1,"username":"SimonKeya"}
{"level":"info","message":"Client connected","socketId":"9xFHa3PwgIHm2r4LAAAC","timestamp":"2025-10-02T09:47:17.242Z"}
{"count":0,"level":"info","message":"Fetched orders","timestamp":"2025-10-02T09:47:17.433Z"}
{"count":0,"level":"info","message":"Fetched orders","timestamp":"2025-10-02T09:47:17.437Z"}
{"level":"info","message":"Client disconnected","socketId":"9xFHa3PwgIHm2r4LAAAC","timestamp":"2025-10-02T09:52:16.241Z"}
{"count":0,"level":"info","message":"Fetched products","timestamp":"2025-10-02T09:52:16.371Z"}
{"count":0,"level":"info","message":"Fetched products","timestamp":"2025-10-02T09:52:16.387Z"}
{"count":2,"level":"info","message":"Fetched categories","timestamp":"2025-10-02T09:52:16.846Z"}
{"count":2,"level":"info","message":"Fetched categories","timestamp":"2025-10-02T09:52:16.868Z"}
{"error":{},"level":"error","message":"Error creating product","timestamp":"2025-10-02T09:53:43.556Z"}
{"level":"info","message":"✅ Database connected successfully","timestamp":"2025-10-02T10:18:53.801Z"}
{"level":"info","message":"✅ Backend running on http://localhost:5001","timestamp":"2025-10-02T10:19:00.673Z"}
{"level":"info","message":"📚 Swagger docs: http://localhost:5001/api-docs","timestamp":"2025-10-02T10:19:00.674Z"}
{"level":"info","message":"✅ Database connected successfully","timestamp":"2025-10-02T11:04:49.672Z"}
{"level":"info","message":"✅ Database connected successfully","timestamp":"2025-10-02T11:05:04.225Z"}
{"level":"info","message":"✅ Backend running on http://localhost:5001","timestamp":"2025-10-02T11:05:08.632Z"}
{"level":"info","message":"📚 Swagger docs: http://localhost:5001/api-docs","timestamp":"2025-10-02T11:05:08.633Z"}
{"error":{"expiredAt":"2025-10-02T10:47:12.000Z","message":"jwt expired","name":"TokenExpiredError"},"level":"error","message":"Invalid token","timestamp":"2025-10-02T11:14:20.797Z"}
{"level":"info","message":"User logged in successfully","timestamp":"2025-10-02T11:15:35.316Z","userId":1,"username":"SimonKeya"}
{"level":"info","message":"Client connected","socketId":"Cb0DPZqFlzzKuJh8AAAC","timestamp":"2025-10-02T11:15:35.909Z"}
{"count":0,"level":"info","message":"Fetched orders","timestamp":"2025-10-02T11:15:36.154Z"}
{"count":0,"level":"info","message":"Fetched orders","timestamp":"2025-10-02T11:15:36.159Z"}
{"level":"info","message":"Client disconnected","socketId":"Cb0DPZqFlzzKuJh8AAAC","timestamp":"2025-10-02T11:15:41.211Z"}
{"count":2,"level":"info","message":"Fetched categories","timestamp":"2025-10-02T11:15:41.444Z"}
{"count":0,"level":"info","message":"Fetched products","timestamp":"2025-10-02T11:15:41.450Z"}
{"count":2,"level":"info","message":"Fetched categories","timestamp":"2025-10-02T11:15:41.466Z"}
{"count":0,"level":"info","message":"Fetched products","timestamp":"2025-10-02T11:15:41.468Z"}
{"level":"info","message":"Product created","productId":1,"timestamp":"2025-10-02T11:17:27.920Z"}
{"count":1,"level":"info","message":"Fetched products","timestamp":"2025-10-02T11:17:35.555Z"}
{"count":2,"level":"info","message":"Fetched categories","timestamp":"2025-10-02T11:17:35.558Z"}
{"count":1,"level":"info","message":"Fetched products","timestamp":"2025-10-02T11:17:35.643Z"}
{"count":2,"level":"info","message":"Fetched categories","timestamp":"2025-10-02T11:17:35.727Z"}
{"count":1,"level":"info","message":"Fetched products","timestamp":"2025-10-02T11:18:32.916Z"}
{"count":1,"level":"info","message":"Fetched products","timestamp":"2025-10-02T11:18:32.928Z"}
{"count":1,"level":"info","message":"Fetched products","timestamp":"2025-10-02T11:20:15.522Z"}
{"count":1,"level":"info","message":"Fetched products","timestamp":"2025-10-02T11:20:26.170Z"}
{"count":1,"level":"info","message":"Fetched products","timestamp":"2025-10-02T11:45:44.147Z"}
{"count":1,"level":"info","message":"Fetched products","timestamp":"2025-10-02T12:08:32.698Z"}
{"count":2,"level":"info","message":"Fetched categories","timestamp":"2025-10-02T12:08:32.712Z"}
{"count":2,"level":"info","message":"Fetched categories","timestamp":"2025-10-02T12:08:32.777Z"}
{"count":1,"level":"info","message":"Fetched products","timestamp":"2025-10-02T12:08:32.780Z"}
{"count":1,"level":"info","message":"Fetched products","timestamp":"2025-10-02T12:08:52.510Z"}
{"count":1,"level":"info","message":"Fetched products","timestamp":"2025-10-02T12:12:38.424Z"}
{"count":1,"level":"info","message":"Fetched products","timestamp":"2025-10-02T12:13:11.473Z"}
{"count":1,"level":"info","message":"Fetched products","timestamp":"2025-10-02T12:13:11.476Z"}
{"count":1,"level":"info","message":"Fetched products","timestamp":"2025-10-02T12:24:48.226Z"}
{"count":1,"level":"info","message":"Fetched products","timestamp":"2025-10-02T12:25:41.894Z"}
{"count":1,"level":"info","message":"Fetched products","timestamp":"2025-10-02T12:38:13.283Z"}
{"level":"info","message":"✅ Database connected successfully","timestamp":"2025-10-03T10:46:21.627Z"}
{"level":"info","message":"✅ Backend running on http://localhost:5001","timestamp":"2025-10-03T10:46:28.176Z"}
{"level":"info","message":"📚 Swagger docs: http://localhost:5001/api-docs","timestamp":"2025-10-03T10:46:28.178Z"}
{"count":1,"level":"info","message":"Fetched products","timestamp":"2025-10-03T11:30:56.389Z"}
{"count":1,"level":"info","message":"Fetched products","timestamp":"2025-10-03T12:01:36.838Z"}
{"count":2,"level":"info","message":"Fetched categories","timestamp":"2025-10-03T12:01:36.906Z"}
{"count":1,"level":"info","message":"Fetched products","timestamp":"2025-10-03T12:01:36.950Z"}
{"count":1,"level":"info","message":"Fetched products","timestamp":"2025-10-03T12:10:23.457Z"}
{"count":1,"level":"info","message":"Fetched products","timestamp":"2025-10-03T12:10:23.465Z"}
{"level":"info","message":"User logged in successfully","timestamp":"2025-10-03T12:15:14.646Z","userId":1,"username":"SimonKeya"}
{"level":"info","message":"Client connected","socketId":"jS218tBuOGAxvNc_AAAC","timestamp":"2025-10-03T12:15:15.341Z"}
{"count":0,"level":"info","message":"Fetched orders","timestamp":"2025-10-03T12:15:15.671Z"}
{"count":0,"level":"info","message":"Fetched orders","timestamp":"2025-10-03T12:15:15.675Z"}
{"level":"info","message":"Client disconnected","socketId":"jS218tBuOGAxvNc_AAAC","timestamp":"2025-10-03T12:15:23.729Z"}
{"count":2,"level":"info","message":"Fetched categories","timestamp":"2025-10-03T12:15:24.196Z"}
{"count":2,"level":"info","message":"Fetched categories","timestamp":"2025-10-03T12:15:24.228Z"}
{"count":1,"level":"info","message":"Fetched products","timestamp":"2025-10-03T12:15:24.487Z"}
{"count":1,"level":"info","message":"Fetched products","timestamp":"2025-10-03T12:15:24.581Z"}
{"count":1,"level":"info","message":"Fetched products","timestamp":"2025-10-03T12:50:20.967Z"}
{"count":1,"level":"info","message":"Fetched products","timestamp":"2025-10-03T12:53:18.559Z"}
{"count":1,"level":"info","message":"Fetched products","timestamp":"2025-10-03T12:53:18.831Z"}
{"count":1,"level":"info","message":"Fetched products","timestamp":"2025-10-03T13:07:04.685Z"}
{"count":1,"level":"info","message":"Fetched products","timestamp":"2025-10-03T13:12:33.935Z"}
{"count":1,"level":"info","message":"Fetched products","timestamp":"2025-10-03T13:12:33.939Z"}
{"level":"info","message":"✅ Database connected successfully","timestamp":"2025-10-04T08:02:32.504Z"}
{"level":"info","message":"✅ Backend running on http://localhost:5001","timestamp":"2025-10-04T08:02:39.954Z"}
{"level":"info","message":"📚 Swagger docs: http://localhost:5001/api-docs","timestamp":"2025-10-04T08:02:39.955Z"}
{"count":1,"level":"info","message":"Fetched products","timestamp":"2025-10-04T08:10:20.348Z"}
{"count":1,"level":"info","message":"Fetched products","timestamp":"2025-10-04T08:11:49.088Z"}
{"count":2,"level":"info","message":"Fetched categories","timestamp":"2025-10-04T08:11:49.311Z"}
{"count":1,"level":"info","message":"Fetched products","timestamp":"2025-10-04T08:11:49.774Z"}
{"count":1,"level":"info","message":"Fetched products","timestamp":"2025-10-04T08:25:54.595Z"}
{"count":1,"level":"info","message":"Fetched products","timestamp":"2025-10-04T08:25:54.612Z"}
{"count":1,"level":"info","message":"Fetched products","timestamp":"2025-10-04T08:25:59.784Z"}
{"count":1,"level":"info","message":"Fetched products","timestamp":"2025-10-04T08:25:59.838Z"}
{"count":1,"level":"info","message":"Fetched products","timestamp":"2025-10-04T08:48:09.293Z"}
{"count":1,"level":"info","message":"Fetched products","timestamp":"2025-10-04T08:48:09.304Z"}
{"count":1,"level":"info","message":"Fetched products","timestamp":"2025-10-04T11:30:50.127Z"}
{"count":1,"level":"info","message":"Fetched products","timestamp":"2025-10-04T11:30:50.168Z"}
{"count":1,"level":"info","message":"Fetched products","timestamp":"2025-10-04T12:15:27.769Z"}
{"count":1,"level":"info","message":"Fetched products","timestamp":"2025-10-04T12:15:27.778Z"}
{"count":2,"level":"info","message":"Fetched categories","timestamp":"2025-10-04T13:36:37.567Z"}
{"count":1,"level":"info","message":"Fetched products","timestamp":"2025-10-04T13:36:37.863Z"}
{"level":"warn","message":"Invalid login attempt - wrong password","timestamp":"2025-10-04T13:37:44.700Z","username":"SimonKeya"}
{"level":"info","message":"User logged in successfully","timestamp":"2025-10-04T13:37:55.101Z","userId":1,"username":"SimonKeya"}
{"count":0,"level":"info","message":"Fetched orders","timestamp":"2025-10-04T13:38:04.267Z"}
{"count":0,"level":"info","message":"Fetched orders","timestamp":"2025-10-04T13:38:04.451Z"}
{"level":"info","message":"Client connected","socketId":"ThvaMrXTpVOKZ0_iAAAC","timestamp":"2025-10-04T13:38:04.880Z"}
{"level":"info","message":"Client disconnected","socketId":"ThvaMrXTpVOKZ0_iAAAC","timestamp":"2025-10-04T13:38:12.521Z"}
{"count":1,"level":"info","message":"Fetched products","timestamp":"2025-10-04T13:38:13.634Z"}
{"count":1,"level":"info","message":"Fetched products","timestamp":"2025-10-04T13:38:13.665Z"}
{"level":"info","message":"✅ Database connected successfully","timestamp":"2025-10-06T09:01:34.327Z"}
{"level":"info","message":"✅ Backend running on http://localhost:5001","timestamp":"2025-10-06T09:01:42.266Z"}
{"level":"info","message":"📚 Swagger docs: http://localhost:5001/api-docs","timestamp":"2025-10-06T09:01:42.267Z"}
{"count":1,"level":"info","message":"Fetched products","timestamp":"2025-10-06T09:09:04.057Z"}
{"level":"info","message":"✅ Database connected successfully","timestamp":"2025-10-07T09:37:12.514Z"}
{"level":"info","message":"✅ Backend running on http://localhost:5001","timestamp":"2025-10-07T09:37:21.488Z"}
{"level":"info","message":"📚 Swagger docs: http://localhost:5001/api-docs","timestamp":"2025-10-07T09:37:21.489Z"}
{"count":1,"level":"info","message":"Fetched products","timestamp":"2025-10-07T09:53:23.083Z"}
{"count":1,"level":"info","message":"Fetched products","timestamp":"2025-10-07T09:53:31.213Z"}
{"count":1,"level":"info","message":"Fetched products","timestamp":"2025-10-07T09:57:14.844Z"}
{"count":2,"level":"info","message":"Fetched categories","timestamp":"2025-10-07T09:57:14.880Z"}
{"count":1,"level":"info","message":"Fetched products","timestamp":"2025-10-07T09:57:15.173Z"}
{"count":1,"level":"info","message":"Fetched products","timestamp":"2025-10-07T10:03:47.331Z"}
{"level":"info","message":"✅ Database connected successfully","timestamp":"2025-10-07T10:25:56.802Z"}
{"level":"info","message":"✅ Backend running on http://localhost:5001","timestamp":"2025-10-07T10:26:07.280Z"}
{"level":"info","message":"📚 Swagger docs: http://localhost:5001/api-docs","timestamp":"2025-10-07T10:26:07.282Z"}
{"level":"info","message":"Fetched single product","productId":1,"timestamp":"2025-10-07T10:26:22.914Z"}
{"level":"info","message":"Fetched single product","productId":1,"timestamp":"2025-10-07T10:26:22.930Z"}
{"count":1,"level":"info","message":"Fetched products","timestamp":"2025-10-07T10:31:14.816Z"}
{"count":1,"level":"info","message":"Fetched products","timestamp":"2025-10-07T10:31:15.267Z"}
{"count":1,"level":"info","message":"Fetched products","timestamp":"2025-10-07T10:33:17.281Z"}
{"count":1,"level":"info","message":"Fetched products","timestamp":"2025-10-07T10:33:17.381Z"}
{"count":1,"level":"info","message":"Fetched products","timestamp":"2025-10-07T10:33:21.620Z"}
{"count":1,"level":"info","message":"Fetched products","timestamp":"2025-10-07T10:33:22.006Z"}
{"count":1,"level":"info","message":"Fetched products","timestamp":"2025-10-07T10:33:26.444Z"}
{"count":1,"level":"info","message":"Fetched products","timestamp":"2025-10-07T10:33:36.904Z"}
{"count":1,"level":"info","message":"Fetched products","timestamp":"2025-10-07T10:33:36.939Z"}
{"count":1,"level":"info","message":"Fetched products","timestamp":"2025-10-07T10:33:49.339Z"}
{"count":1,"level":"info","message":"Fetched products","timestamp":"2025-10-07T10:33:49.417Z"}
{"count":1,"level":"info","message":"Fetched products","timestamp":"2025-10-07T10:34:50.817Z"}
{"count":1,"level":"info","message":"Fetched products","timestamp":"2025-10-07T10:34:50.893Z"}
{"level":"info","message":"Fetched single product","productId":1,"timestamp":"2025-10-07T10:36:42.845Z"}
{"level":"info","message":"Fetched single product","productId":1,"timestamp":"2025-10-07T10:36:43.028Z"}
{"count":1,"level":"info","message":"Fetched products","timestamp":"2025-10-07T10:37:07.646Z"}
{"level":"info","message":"Fetched single product","productId":1,"timestamp":"2025-10-07T10:37:14.752Z"}
{"level":"info","message":"Fetched single product","productId":1,"timestamp":"2025-10-07T10:37:14.755Z"}
{"level":"info","message":"Fetched single product","productId":1,"timestamp":"2025-10-07T10:45:24.751Z"}
{"level":"info","message":"Fetched single product","productId":1,"timestamp":"2025-10-07T10:48:29.375Z"}
{"level":"info","message":"Fetched single product","productId":1,"timestamp":"2025-10-07T10:52:49.775Z"}
{"count":1,"level":"info","message":"Fetched products","timestamp":"2025-10-07T10:53:19.288Z"}
{"level":"info","message":"Fetched single product","productId":1,"timestamp":"2025-10-07T10:55:01.427Z"}
{"level":"info","message":"Fetched single product","productId":1,"timestamp":"2025-10-07T10:55:01.430Z"}
{"level":"info","message":"✅ Database connected successfully","timestamp":"2025-10-07T12:00:11.796Z"}
{"level":"info","message":"✅ Backend running on http://localhost:5001","timestamp":"2025-10-07T12:00:18.906Z"}
{"level":"info","message":"📚 Swagger docs: http://localhost:5001/api-docs","timestamp":"2025-10-07T12:00:18.907Z"}
{"count":1,"level":"info","message":"Fetched products","timestamp":"2025-10-07T12:02:28.483Z"}
{"count":1,"level":"info","message":"Fetched products","timestamp":"2025-10-07T12:04:04.035Z"}
{"count":2,"level":"info","message":"Fetched categories","timestamp":"2025-10-07T12:04:04.061Z"}
{"count":1,"level":"info","message":"Fetched products","timestamp":"2025-10-07T12:04:04.476Z"}
{"level":"info","message":"User logged in successfully","timestamp":"2025-10-07T12:06:15.156Z","userId":1,"username":"SimonKeya"}
{"count":0,"level":"info","message":"Fetched orders","timestamp":"2025-10-07T12:06:16.203Z"}
{"level":"info","message":"Client connected","socketId":"zVzXU4Gfvyo_yNcbAAAC","timestamp":"2025-10-07T12:06:16.314Z"}
{"count":0,"level":"info","message":"Fetched orders","timestamp":"2025-10-07T12:06:16.544Z"}
{"level":"info","message":"Client disconnected","socketId":"zVzXU4Gfvyo_yNcbAAAC","timestamp":"2025-10-07T12:06:36.606Z"}
{"count":1,"level":"info","message":"Fetched products","timestamp":"2025-10-07T12:06:37.107Z"}
{"count":1,"level":"info","message":"Fetched products","timestamp":"2025-10-07T12:06:37.116Z"}
{"count":0,"level":"info","message":"Fetched orders","timestamp":"2025-10-07T12:07:48.196Z"}
{"count":0,"level":"info","message":"Fetched orders","timestamp":"2025-10-07T12:07:48.205Z"}
{"level":"info","message":"Client connected","socketId":"eB2H1e5FEVEOAHLxAAAF","timestamp":"2025-10-07T12:07:48.251Z"}
{"level":"info","message":"Client disconnected","socketId":"eB2H1e5FEVEOAHLxAAAF","timestamp":"2025-10-07T12:12:02.616Z"}
{"count":0,"level":"info","message":"Fetched orders","timestamp":"2025-10-07T12:12:02.903Z"}
{"level":"info","message":"Client connected","socketId":"6L8nJC-uHGW-aTWBAAAH","timestamp":"2025-10-07T12:12:02.908Z"}
{"level":"info","message":"Client disconnected","socketId":"6L8nJC-uHGW-aTWBAAAH","timestamp":"2025-10-07T12:18:08.951Z"}
{"count":1,"level":"info","message":"Fetched products","timestamp":"2025-10-07T12:18:10.386Z"}
{"count":1,"level":"info","message":"Fetched products","timestamp":"2025-10-07T12:18:10.391Z"}
{"count":0,"level":"info","message":"Fetched orders","timestamp":"2025-10-07T12:18:25.295Z"}
{"count":0,"level":"info","message":"Fetched orders","timestamp":"2025-10-07T12:18:25.301Z"}
{"level":"info","message":"Client connected","socketId":"7SplYXEdZGIi4gw9AAAK","timestamp":"2025-10-07T12:18:25.371Z"}
{"level":"info","message":"Client disconnected","socketId":"7SplYXEdZGIi4gw9AAAK","timestamp":"2025-10-07T12:18:34.816Z"}
{"count":2,"level":"info","message":"Fetched categories","timestamp":"2025-10-07T12:18:35.320Z"}
{"count":2,"level":"info","message":"Fetched categories","timestamp":"2025-10-07T12:18:35.329Z"}
{"count":0,"level":"info","message":"Fetched orders","timestamp":"2025-10-07T12:23:06.176Z"}
{"count":0,"level":"info","message":"Fetched orders","timestamp":"2025-10-07T12:23:06.178Z"}
{"level":"info","message":"Client connected","socketId":"TtgBvsgurdv-zAD_AAAN","timestamp":"2025-10-07T12:23:06.239Z"}
{"level":"info","message":"Client disconnected","socketId":"TtgBvsgurdv-zAD_AAAN","timestamp":"2025-10-07T12:23:11.709Z"}
{"count":1,"level":"info","message":"Fetched products","timestamp":"2025-10-07T12:23:12.300Z"}
{"count":1,"level":"info","message":"Fetched products","timestamp":"2025-10-07T12:23:12.362Z"}
{"count":1,"level":"info","message":"Fetched products","timestamp":"2025-10-07T12:28:47.296Z"}
{"count":0,"level":"info","message":"Fetched orders","timestamp":"2025-10-07T12:28:48.264Z"}
{"count":0,"level":"info","message":"Fetched orders","timestamp":"2025-10-07T12:28:48.275Z"}
{"level":"info","message":"Client connected","socketId":"J55lYaikxEahHW_GAAAQ","timestamp":"2025-10-07T12:28:48.363Z"}
{"level":"info","message":"Client disconnected","socketId":"J55lYaikxEahHW_GAAAQ","timestamp":"2025-10-07T12:28:55.742Z"}
{"count":2,"level":"info","message":"Fetched categories","timestamp":"2025-10-07T12:28:55.936Z"}
{"count":2,"level":"info","message":"Fetched categories","timestamp":"2025-10-07T12:28:55.949Z"}
{"count":2,"level":"info","message":"Fetched categories","timestamp":"2025-10-07T12:32:52.164Z"}
{"count":1,"level":"info","message":"Fetched products","timestamp":"2025-10-07T12:33:25.935Z"}
{"count":2,"level":"info","message":"Fetched categories","timestamp":"2025-10-07T12:39:10.682Z"}
{"count":2,"level":"info","message":"Fetched categories","timestamp":"2025-10-07T12:39:10.759Z"}
{"count":0,"level":"info","message":"Fetched orders","timestamp":"2025-10-07T12:39:54.423Z"}
{"count":0,"level":"info","message":"Fetched orders","timestamp":"2025-10-07T12:39:54.425Z"}
{"level":"info","message":"Client connected","socketId":"gymhUXcFhciZOB6nAAAT","timestamp":"2025-10-07T12:39:54.481Z"}
{"level":"info","message":"Client disconnected","socketId":"gymhUXcFhciZOB6nAAAT","timestamp":"2025-10-07T12:40:06.127Z"}
{"count":1,"level":"info","message":"Fetched products","timestamp":"2025-10-07T12:40:06.142Z"}
{"count":1,"level":"info","message":"Fetched products","timestamp":"2025-10-07T12:40:06.493Z"}
{"level":"info","message":"Fetched single product","productId":1,"timestamp":"2025-10-07T12:52:29.348Z"}
{"level":"info","message":"Fetched single product","productId":1,"timestamp":"2025-10-07T12:52:29.363Z"}
{"level":"info","message":"Fetched single product","productId":1,"timestamp":"2025-10-07T13:01:25.322Z"}
{"level":"info","message":"Fetched single product","productId":1,"timestamp":"2025-10-07T13:02:20.220Z"}
{"level":"info","message":"Fetched single product","productId":1,"timestamp":"2025-10-07T13:02:52.112Z"}
{"count":1,"level":"info","message":"Fetched products","timestamp":"2025-10-07T13:12:50.048Z"}
{"count":1,"level":"info","message":"Fetched products","timestamp":"2025-10-07T13:12:50.373Z"}
{"level":"info","message":"Fetched single product","productId":1,"timestamp":"2025-10-07T13:13:02.989Z"}
{"level":"info","message":"Fetched single product","productId":1,"timestamp":"2025-10-07T13:13:03.005Z"}
{"count":1,"level":"info","message":"Fetched products","timestamp":"2025-10-07T13:13:08.197Z"}
{"count":1,"level":"info","message":"Fetched products","timestamp":"2025-10-07T13:13:08.217Z"}
{"count":1,"level":"info","message":"Fetched products","timestamp":"2025-10-07T13:13:38.079Z"}
{"level":"info","message":"✅ Database connected successfully","timestamp":"2025-10-08T06:42:15.545Z"}
{"level":"info","message":"✅ Backend running on http://localhost:5001","timestamp":"2025-10-08T06:42:24.172Z"}
{"level":"info","message":"📚 Swagger docs: http://localhost:5001/api-docs","timestamp":"2025-10-08T06:42:24.174Z"}
{"count":1,"level":"info","message":"Fetched products","timestamp":"2025-10-08T06:45:12.812Z"}
{"count":1,"level":"info","message":"Fetched products","timestamp":"2025-10-08T07:27:15.097Z"}
{"count":1,"level":"info","message":"Fetched products","timestamp":"2025-10-08T07:28:23.763Z"}
{"count":1,"level":"info","message":"Fetched products","timestamp":"2025-10-08T07:28:23.781Z"}
{"count":2,"level":"info","message":"Fetched categories","timestamp":"2025-10-08T07:28:23.879Z"}
{"count":1,"level":"info","message":"Fetched products","timestamp":"2025-10-08T09:03:20.903Z"}
{"count":1,"level":"info","message":"Fetched products","timestamp":"2025-10-08T09:05:18.027Z"}
{"count":1,"level":"info","message":"Fetched products","timestamp":"2025-10-08T09:05:26.447Z"}
{"count":1,"level":"info","message":"Fetched products","timestamp":"2025-10-08T09:05:48.716Z"}
{"count":1,"level":"info","message":"Fetched products","timestamp":"2025-10-08T09:06:30.533Z"}
{"count":1,"level":"info","message":"Fetched products","timestamp":"2025-10-08T09:06:31.174Z"}
{"level":"info","message":"Fetched single product","productId":1,"timestamp":"2025-10-08T09:11:02.222Z"}
{"level":"info","message":"Fetched single product","productId":1,"timestamp":"2025-10-08T09:11:02.337Z"}
{"count":1,"level":"info","message":"Fetched products","timestamp":"2025-10-08T09:12:06.994Z"}
{"count":1,"level":"info","message":"Fetched products","timestamp":"2025-10-08T09:12:07.173Z"}
{"level":"info","message":"Fetched single product","productId":1,"timestamp":"2025-10-08T09:15:05.781Z"}
{"level":"info","message":"Fetched single product","productId":1,"timestamp":"2025-10-08T09:15:05.816Z"}
{"count":1,"level":"info","message":"Fetched products","timestamp":"2025-10-08T09:15:33.592Z"}
{"count":1,"level":"info","message":"Fetched products","timestamp":"2025-10-08T09:15:33.697Z"}
{"count":1,"level":"info","message":"Fetched products","timestamp":"2025-10-08T09:16:16.297Z"}
{"level":"warn","message":"Invalid login attempt - wrong password","timestamp":"2025-10-08T09:17:40.907Z","username":"SimonKeya"}
{"level":"info","message":"User logged in successfully","timestamp":"2025-10-08T09:17:49.648Z","userId":1,"username":"SimonKeya"}
{"count":0,"level":"info","message":"Fetched orders","timestamp":"2025-10-08T09:17:58.028Z"}
{"count":0,"level":"info","message":"Fetched orders","timestamp":"2025-10-08T09:17:58.081Z"}
{"level":"info","message":"Client connected","socketId":"3cuGY60kFUP91qQvAAAC","timestamp":"2025-10-08T09:18:00.251Z"}
{"level":"info","message":"Client disconnected","socketId":"3cuGY60kFUP91qQvAAAC","timestamp":"2025-10-08T09:20:52.541Z"}
{"count":1,"level":"info","message":"Fetched products","timestamp":"2025-10-08T09:20:52.687Z"}
{"count":1,"level":"info","message":"Fetched products","timestamp":"2025-10-08T09:20:52.691Z"}
{"count":1,"level":"info","message":"Fetched products","timestamp":"2025-10-08T09:36:45.570Z"}
{"count":1,"level":"info","message":"Fetched products","timestamp":"2025-10-08T09:36:45.613Z"}
{"count":1,"level":"info","message":"Fetched products","timestamp":"2025-10-08T09:39:28.037Z"}
{"count":0,"level":"info","message":"Fetched orders","timestamp":"2025-10-08T09:39:43.123Z"}
{"level":"info","message":"Client connected","socketId":"z4OadNl9cK8hVQejAAAE","timestamp":"2025-10-08T09:39:43.235Z"}
{"level":"info","message":"Client disconnected","socketId":"z4OadNl9cK8hVQejAAAE","timestamp":"2025-10-08T09:47:46.182Z"}
{"count":1,"level":"info","message":"Fetched products","timestamp":"2025-10-08T09:47:46.570Z"}
{"count":1,"level":"info","message":"Fetched products","timestamp":"2025-10-08T09:47:46.584Z"}
{"count":1,"level":"info","message":"Fetched products","timestamp":"2025-10-08T09:48:10.948Z"}
{"count":1,"level":"info","message":"Fetched products","timestamp":"2025-10-08T09:48:11.322Z"}
{"level":"info","message":"Fetched single product","productId":1,"timestamp":"2025-10-08T09:48:25.914Z"}
{"level":"info","message":"Fetched single product","productId":1,"timestamp":"2025-10-08T09:48:25.919Z"}
{"count":1,"level":"info","message":"Fetched products","timestamp":"2025-10-08T09:48:33.063Z"}
{"count":1,"level":"info","message":"Fetched products","timestamp":"2025-10-08T09:48:33.081Z"}
{"level":"warn","message":"Invalid login attempt - wrong password","timestamp":"2025-10-08T09:51:23.304Z","username":"SimonKeya"}
{"level":"info","message":"User logged in successfully","timestamp":"2025-10-08T09:51:29.612Z","userId":1,"username":"SimonKeya"}
{"level":"info","message":"Client connected","socketId":"cwWxa3rL8reZZL6mAAAH","timestamp":"2025-10-08T09:51:30.181Z"}
{"count":0,"level":"info","message":"Fetched orders","timestamp":"2025-10-08T09:51:30.238Z"}
{"count":0,"level":"info","message":"Fetched orders","timestamp":"2025-10-08T09:51:30.241Z"}
{"level":"info","message":"Client disconnected","socketId":"cwWxa3rL8reZZL6mAAAH","timestamp":"2025-10-08T09:52:29.654Z"}
{"count":2,"level":"info","message":"Fetched categories","timestamp":"2025-10-08T09:52:29.888Z"}
{"count":2,"level":"info","message":"Fetched categories","timestamp":"2025-10-08T09:52:29.967Z"}
{"categoryId":1,"level":"info","message":"Category deleted","timestamp":"2025-10-08T09:52:45.505Z"}
{"count":1,"level":"info","message":"Fetched categories","timestamp":"2025-10-08T09:52:45.681Z"}
{"count":1,"level":"info","message":"Fetched products","timestamp":"2025-10-08T09:52:57.589Z"}
{"count":1,"level":"info","message":"Fetched products","timestamp":"2025-10-08T09:52:57.594Z"}
{"count":1,"level":"info","message":"Fetched categories","timestamp":"2025-10-08T09:53:04.433Z"}
{"count":1,"level":"info","message":"Fetched categories","timestamp":"2025-10-08T09:53:04.563Z"}
{"count":0,"level":"info","message":"Fetched orders","timestamp":"2025-10-08T09:53:37.760Z"}
{"count":0,"level":"info","message":"Fetched orders","timestamp":"2025-10-08T09:53:37.764Z"}
{"level":"info","message":"Client connected","socketId":"bbCPIytT_vsBv4tkAAAK","timestamp":"2025-10-08T09:53:38.155Z"}
{"level":"info","message":"Client disconnected","socketId":"bbCPIytT_vsBv4tkAAAK","timestamp":"2025-10-08T09:53:42.346Z"}
{"count":1,"level":"info","message":"Fetched products","timestamp":"2025-10-08T09:53:42.501Z"}
{"count":1,"level":"info","message":"Fetched products","timestamp":"2025-10-08T09:53:42.518Z"}
{"count":1,"level":"info","message":"Fetched products","timestamp":"2025-10-08T10:10:13.301Z"}
{"count":1,"level":"info","message":"Fetched products","timestamp":"2025-10-08T10:10:13.323Z"}
{"level":"info","message":"Fetched single product","productId":1,"timestamp":"2025-10-08T10:10:46.707Z"}
{"level":"info","message":"Fetched single product","productId":1,"timestamp":"2025-10-08T10:10:46.774Z"}
{"count":1,"level":"info","message":"Fetched products","timestamp":"2025-10-08T10:19:21.409Z"}
{"count":1,"level":"info","message":"Fetched products","timestamp":"2025-10-08T10:19:22.473Z"}
{"level":"info","message":"Fetched single product","productId":1,"timestamp":"2025-10-08T10:21:11.973Z"}
{"level":"info","message":"Fetched single product","productId":1,"timestamp":"2025-10-08T10:21:11.975Z"}
{"count":1,"level":"info","message":"Fetched products","timestamp":"2025-10-08T10:21:25.481Z"}
{"count":1,"level":"info","message":"Fetched products","timestamp":"2025-10-08T10:21:25.484Z"}
{"level":"info","message":"Fetched single product","productId":1,"timestamp":"2025-10-08T10:38:18.168Z"}
{"level":"info","message":"Fetched single product","productId":1,"timestamp":"2025-10-08T10:38:18.184Z"}
{"count":1,"level":"info","message":"Fetched products","timestamp":"2025-10-08T10:40:23.687Z"}
{"count":1,"level":"info","message":"Fetched products","timestamp":"2025-10-08T10:41:22.288Z"}
{"count":1,"level":"info","message":"Fetched products","timestamp":"2025-10-08T10:41:38.608Z"}
{"count":1,"level":"info","message":"Fetched products","timestamp":"2025-10-08T10:41:38.624Z"}
{"count":1,"level":"info","message":"Fetched categories","timestamp":"2025-10-08T12:17:05.106Z"}
{"count":1,"level":"info","message":"Fetched products","timestamp":"2025-10-08T12:17:05.818Z"}
{"level":"info","message":"✅ Database connected successfully","timestamp":"2025-10-09T08:35:19.521Z"}
{"level":"info","message":"✅ Backend running on http://localhost:5001","timestamp":"2025-10-09T08:35:26.097Z"}
{"level":"info","message":"📚 Swagger docs: http://localhost:5001/api-docs","timestamp":"2025-10-09T08:35:26.098Z"}
{"count":1,"level":"info","message":"Fetched categories","timestamp":"2025-10-09T08:42:49.588Z"}
{"count":1,"level":"info","message":"Fetched products","timestamp":"2025-10-09T08:42:50.260Z"}
{"count":1,"level":"info","message":"Fetched products","timestamp":"2025-10-09T09:19:08.948Z"}
{"count":1,"level":"info","message":"Fetched products","timestamp":"2025-10-09T09:22:13.423Z"}
{"count":1,"level":"info","message":"Fetched categories","timestamp":"2025-10-09T09:22:13.488Z"}
{"count":1,"level":"info","message":"Fetched products","timestamp":"2025-10-09T09:22:13.517Z"}
{"level":"info","message":"User logged in successfully","timestamp":"2025-10-09T09:44:51.031Z","userId":1,"username":"SimonKeya"}
{"level":"info","message":"Client connected","socketId":"faW9ZccBp7f7UmgGAAAC","timestamp":"2025-10-09T09:44:52.817Z"}
{"count":0,"level":"info","message":"Fetched orders","timestamp":"2025-10-09T09:44:53.015Z"}
{"count":0,"level":"info","message":"Fetched orders","timestamp":"2025-10-09T09:44:53.018Z"}
{"level":"info","message":"Client disconnected","socketId":"faW9ZccBp7f7UmgGAAAC","timestamp":"2025-10-09T09:45:32.423Z"}
{"count":1,"level":"info","message":"Fetched categories","timestamp":"2025-10-09T09:45:33.529Z"}
{"count":1,"level":"info","message":"Fetched categories","timestamp":"2025-10-09T09:45:33.673Z"}
{"categoryId":3,"level":"info","message":"Category created","name":"Clothing","timestamp":"2025-10-09T09:59:33.988Z"}
{"categoryId":4,"level":"info","message":"Category created","name":"Footwear","timestamp":"2025-10-09T09:59:48.386Z"}
{"categoryId":5,"level":"info","message":"Category created","name":"Accessories","timestamp":"2025-10-09T10:00:00.445Z"}
{"count":4,"level":"info","message":"Fetched categories","timestamp":"2025-10-09T10:00:01.799Z"}
{"categoryId":6,"level":"info","message":"Category created","name":"Headwear","timestamp":"2025-10-09T10:00:52.180Z"}
{"count":5,"level":"info","message":"Fetched categories","timestamp":"2025-10-09T10:00:57.273Z"}
{"level":"info","message":"Client connected","socketId":"Kp0WgoSAK57AOQqvAAAF","timestamp":"2025-10-09T10:01:08.857Z"}
{"count":0,"level":"info","message":"Fetched orders","timestamp":"2025-10-09T10:01:08.869Z"}
{"count":0,"level":"info","message":"Fetched orders","timestamp":"2025-10-09T10:01:08.937Z"}
{"level":"info","message":"Client disconnected","socketId":"Kp0WgoSAK57AOQqvAAAF","timestamp":"2025-10-09T10:01:17.914Z"}
{"count":1,"level":"info","message":"Fetched products","timestamp":"2025-10-09T10:01:18.110Z"}
{"count":1,"level":"info","message":"Fetched products","timestamp":"2025-10-09T10:01:18.193Z"}
{"error":{},"level":"error","message":"Error updating product","timestamp":"2025-10-09T10:01:32.467Z"}
{"count":1,"level":"info","message":"Fetched products","timestamp":"2025-10-09T10:01:41.020Z"}
{"count":1,"level":"info","message":"Fetched products","timestamp":"2025-10-09T10:01:48.908Z"}
{"error":{},"level":"error","message":"Error updating product","timestamp":"2025-10-09T10:02:01.082Z"}
{"count":1,"level":"info","message":"Fetched products","timestamp":"2025-10-09T10:02:10.723Z"}
{"count":1,"level":"info","message":"Fetched products","timestamp":"2025-10-09T10:02:10.730Z"}
{"count":1,"level":"info","message":"Fetched products","timestamp":"2025-10-09T10:03:31.022Z"}
{"level":"info","message":"Fetched single product","productId":1,"timestamp":"2025-10-09T10:04:18.135Z"}
{"level":"info","message":"Fetched single product","productId":1,"timestamp":"2025-10-09T10:04:18.177Z"}
{"count":1,"level":"info","message":"Fetched products","timestamp":"2025-10-09T10:04:33.389Z"}
{"count":1,"level":"info","message":"Fetched products","timestamp":"2025-10-09T10:04:33.395Z"}
{"count":1,"level":"info","message":"Fetched products","timestamp":"2025-10-09T10:04:36.415Z"}
{"count":1,"level":"info","message":"Fetched products","timestamp":"2025-10-09T10:04:36.685Z"}
{"errors":[{"location":"body","msg":"Name must be at least 3 characters","path":"name","type":"field"},{"location":"body","msg":"Price must be a positive number","path":"price","type":"field"},{"location":"body","msg":"Stock must be a non-negative integer","path":"stock","type":"field"},{"location":"body","msg":"Valid categoryId required","path":"categoryId","type":"field"},{"location":"body","msg":"Description must be at least 10 characters","path":"description","type":"field"},{"location":"body","msg":"Image is required","path":"image","type":"field"}],"level":"warn","message":"Validation failed","timestamp":"2025-10-09T10:08:31.791Z"}
{"count":1,"level":"info","message":"Fetched products","timestamp":"2025-10-09T10:08:36.972Z"}
{"count":1,"level":"info","message":"Fetched products","timestamp":"2025-10-09T10:08:42.702Z"}
{"errors":[{"location":"body","msg":"Name must be at least 3 characters","path":"name","type":"field"},{"location":"body","msg":"Price must be a positive number","path":"price","type":"field"},{"location":"body","msg":"Stock must be a non-negative integer","path":"stock","type":"field"},{"location":"body","msg":"Valid categoryId required","path":"categoryId","type":"field"},{"location":"body","msg":"Description must be at least 10 characters","path":"description","type":"field"},{"location":"body","msg":"Image is required","path":"image","type":"field"}],"level":"warn","message":"Validation failed","timestamp":"2025-10-09T10:09:13.461Z"}
{"errors":[{"location":"body","msg":"Name must be at least 3 characters","path":"name","type":"field"},{"location":"body","msg":"Price must be a positive number","path":"price","type":"field"},{"location":"body","msg":"Stock must be a non-negative integer","path":"stock","type":"field"},{"location":"body","msg":"Valid categoryId required","path":"categoryId","type":"field"},{"location":"body","msg":"Description must be at least 10 characters","path":"description","type":"field"},{"location":"body","msg":"Image is required","path":"image","type":"field"}],"level":"warn","message":"Validation failed","timestamp":"2025-10-09T10:09:15.555Z"}
{"errors":[{"location":"body","msg":"Name must be at least 3 characters","path":"name","type":"field"},{"location":"body","msg":"Price must be a positive number","path":"price","type":"field"},{"location":"body","msg":"Stock must be a non-negative integer","path":"stock","type":"field"},{"location":"body","msg":"Valid categoryId required","path":"categoryId","type":"field"},{"location":"body","msg":"Description must be at least 10 characters","path":"description","type":"field"},{"location":"body","msg":"Image is required","path":"image","type":"field"}],"level":"warn","message":"Validation failed","timestamp":"2025-10-09T10:09:16.689Z"}
{"errors":[{"location":"body","msg":"Name must be at least 3 characters","path":"name","type":"field"},{"location":"body","msg":"Price must be a positive number","path":"price","type":"field"},{"location":"body","msg":"Stock must be a non-negative integer","path":"stock","type":"field"},{"location":"body","msg":"Valid categoryId required","path":"categoryId","type":"field"},{"location":"body","msg":"Description must be at least 10 characters","path":"description","type":"field"},{"location":"body","msg":"Image is required","path":"image","type":"field"}],"level":"warn","message":"Validation failed","timestamp":"2025-10-09T10:09:37.666Z"}
{"errors":[{"location":"body","msg":"Name must be at least 3 characters","path":"name","type":"field"},{"location":"body","msg":"Price must be a positive number","path":"price","type":"field"},{"location":"body","msg":"Stock must be a non-negative integer","path":"stock","type":"field"},{"location":"body","msg":"Valid categoryId required","path":"categoryId","type":"field"},{"location":"body","msg":"Description must be at least 10 characters","path":"description","type":"field"},{"location":"body","msg":"Image is required","path":"image","type":"field"}],"level":"warn","message":"Validation failed","timestamp":"2025-10-09T10:12:01.981Z"}
{"level":"info","message":"✅ Database connected successfully","timestamp":"2025-10-09T11:00:05.103Z"}
{"level":"info","message":"✅ Backend running on http://localhost:5001","timestamp":"2025-10-09T11:00:23.356Z"}
{"level":"info","message":"📚 Swagger docs: http://localhost:5001/api-docs","timestamp":"2025-10-09T11:00:23.357Z"}
{"level":"info","message":"✅ Database connected successfully","timestamp":"2025-10-09T11:29:32.459Z"}
{"level":"info","message":"✅ Backend running on http://localhost:5001","timestamp":"2025-10-09T11:29:40.658Z"}
{"level":"info","message":"📚 Swagger docs: http://localhost:5001/api-docs","timestamp":"2025-10-09T11:29:40.659Z"}
{"level":"info","message":"✅ Database connected successfully","timestamp":"2025-10-09T11:55:33.085Z"}
{"level":"info","message":"✅ Backend running on http://localhost:5001","timestamp":"2025-10-09T11:55:38.966Z"}
{"level":"info","message":"📚 Swagger docs: http://localhost:5001/api-docs","timestamp":"2025-10-09T11:55:38.968Z"}
{"level":"info","message":"✅ Database connected successfully","timestamp":"2025-10-09T11:56:22.200Z"}
{"level":"info","message":"✅ Backend running on http://localhost:5001","timestamp":"2025-10-09T11:56:26.126Z"}
{"level":"info","message":"📚 Swagger docs: http://localhost:5001/api-docs","timestamp":"2025-10-09T11:56:26.131Z"}
{"level":"info","message":"✅ Database connected successfully","timestamp":"2025-10-09T12:06:53.214Z"}
{"level":"info","message":"✅ Database connected successfully","timestamp":"2025-10-09T12:27:25.982Z"}
