{"error":{},"level":"error","message":"Invalid token","timestamp":"2025-09-23T14:55:53.359Z"}
{"error":{},"level":"error","message":"Invalid token","timestamp":"2025-09-23T15:01:01.264Z"}
{"error":{},"level":"error","message":"Invalid token","timestamp":"2025-09-23T15:01:18.049Z"}
{"error":{},"level":"error","message":"Invalid token","timestamp":"2025-09-23T15:02:05.417Z"}
{"error":{},"level":"error","message":"Invalid token","timestamp":"2025-09-23T15:03:09.290Z"}
{"error":{},"level":"error","message":"Invalid token","timestamp":"2025-09-23T15:07:18.819Z"}
{"error":{},"level":"error","message":"Invalid token","timestamp":"2025-09-23T15:07:50.188Z"}
{"error":{},"level":"error","message":"Invalid token","timestamp":"2025-09-23T15:12:14.359Z"}
{"error":{},"level":"error","message":"Invalid token","timestamp":"2025-09-23T15:13:27.030Z"}
{"error":{},"level":"error","message":"Invalid token","timestamp":"2025-09-23T15:26:40.949Z"}
{"error":{},"level":"error","message":"Invalid token","timestamp":"2025-09-23T15:27:14.129Z"}
{"error":{},"level":"error","message":"Invalid token","timestamp":"2025-09-23T15:27:43.733Z"}
{"error":{},"level":"error","message":"Invalid token","timestamp":"2025-09-24T09:11:05.207Z"}
{"error":{},"level":"error","message":"Invalid token","timestamp":"2025-09-24T09:37:42.688Z"}
{"error":{"clientVersion":"6.16.2","name":"PrismaClientInitializationError"},"level":"error","message":"Error fetching products","timestamp":"2025-09-24T10:21:48.918Z"}
{"error":{"clientVersion":"6.16.2","name":"PrismaClientInitializationError"},"level":"error","message":"Error fetching categories","timestamp":"2025-09-24T10:21:48.963Z"}
{"error":{"clientVersion":"6.16.2","name":"PrismaClientInitializationError"},"level":"error","message":"Error fetching categories","timestamp":"2025-09-24T10:23:22.069Z"}
{"error":{"clientVersion":"6.16.2","name":"PrismaClientInitializationError"},"level":"error","message":"Error fetching products","timestamp":"2025-09-24T10:23:22.443Z"}
{"error":{"clientVersion":"6.16.2","name":"PrismaClientInitializationError"},"level":"error","message":"Error fetching categories","timestamp":"2025-09-24T10:26:04.210Z"}
{"error":{"clientVersion":"6.16.2","name":"PrismaClientInitializationError"},"level":"error","message":"Error fetching products","timestamp":"2025-09-24T10:26:04.237Z"}
{"error":{"clientVersion":"6.16.2","name":"PrismaClientInitializationError"},"level":"error","message":"Error fetching categories","timestamp":"2025-09-24T10:28:13.547Z"}
{"error":{"clientVersion":"6.16.2","name":"PrismaClientInitializationError"},"level":"error","message":"Error fetching products","timestamp":"2025-09-24T10:28:13.672Z"}
{"error":{"clientVersion":"6.16.2","name":"PrismaClientInitializationError"},"level":"error","message":"Error fetching products","timestamp":"2025-09-24T10:29:41.941Z"}
{"error":{"clientVersion":"6.16.2","name":"PrismaClientInitializationError"},"level":"error","message":"Error fetching categories","timestamp":"2025-09-24T10:29:42.067Z"}
{"error":{"clientVersion":"6.16.2","name":"PrismaClientInitializationError"},"level":"error","message":"Error fetching categories","timestamp":"2025-09-24T10:30:04.896Z"}
{"error":{"clientVersion":"6.16.2","name":"PrismaClientInitializationError"},"level":"error","message":"Error fetching products","timestamp":"2025-09-24T10:30:05.064Z"}
{"error":{"clientVersion":"6.16.2","name":"PrismaClientInitializationError"},"level":"error","message":"Error fetching categories","timestamp":"2025-09-24T10:30:42.188Z"}
{"error":{"clientVersion":"6.16.2","name":"PrismaClientInitializationError"},"level":"error","message":"Error fetching products","timestamp":"2025-09-24T10:30:42.339Z"}
{"error":{"clientVersion":"6.16.2","name":"PrismaClientInitializationError"},"level":"error","message":"Error fetching products","timestamp":"2025-09-24T10:30:42.345Z"}
{"error":{"clientVersion":"6.16.2","name":"PrismaClientInitializationError"},"level":"error","message":"Error fetching products","timestamp":"2025-09-24T10:33:03.123Z"}
{"error":{"clientVersion":"6.16.2","name":"PrismaClientInitializationError"},"level":"error","message":"Error fetching products","timestamp":"2025-09-24T13:00:10.011Z"}
{"error":{"clientVersion":"6.16.2","name":"PrismaClientInitializationError"},"level":"error","message":"Error fetching categories","timestamp":"2025-09-24T13:00:13.154Z"}
{"error":{},"level":"error","message":"Invalid token","timestamp":"2025-09-25T07:20:07.006Z"}
{"error":{},"level":"error","message":"Invalid token","timestamp":"2025-09-25T11:27:18.748Z"}
{"error":{"clientVersion":"6.16.2","name":"PrismaClientInitializationError"},"level":"error","message":"Error fetching products","timestamp":"2025-09-25T13:56:16.216Z"}
{"error":{"clientVersion":"6.16.2","name":"PrismaClientInitializationError"},"level":"error","message":"Error fetching categories","timestamp":"2025-09-25T13:56:16.375Z"}
{"error":{"clientVersion":"6.16.2","name":"PrismaClientInitializationError"},"level":"error","message":"Error fetching products","timestamp":"2025-09-26T10:24:09.080Z"}
{"error":{"clientVersion":"6.16.2","name":"PrismaClientInitializationError"},"level":"error","message":"Error fetching categories","timestamp":"2025-09-26T10:24:09.107Z"}
{"error":{"clientVersion":"6.16.2","name":"PrismaClientInitializationError"},"level":"error","message":"Error fetching categories","timestamp":"2025-09-26T10:48:42.959Z"}
{"error":{"clientVersion":"6.16.2","name":"PrismaClientInitializationError"},"level":"error","message":"Error fetching products","timestamp":"2025-09-26T10:48:42.997Z"}
{"error":{"clientVersion":"6.16.2","name":"PrismaClientInitializationError"},"level":"error","message":"Error fetching products","timestamp":"2025-09-29T07:11:11.091Z"}
{"error":{"clientVersion":"6.16.2","name":"PrismaClientInitializationError"},"level":"error","message":"Error fetching products","timestamp":"2025-09-29T07:11:11.099Z"}
{"error":{"clientVersion":"6.16.2","name":"PrismaClientInitializationError"},"level":"error","message":"Error fetching categories","timestamp":"2025-09-29T07:11:11.158Z"}
{"error":{"clientVersion":"6.16.2","name":"PrismaClientInitializationError"},"level":"error","message":"Error fetching products","timestamp":"2025-09-29T07:19:43.162Z"}
{"error":{"clientVersion":"6.16.2","name":"PrismaClientInitializationError"},"level":"error","message":"Error fetching categories","timestamp":"2025-09-29T07:20:03.479Z"}
{"error":{"clientVersion":"6.16.2","name":"PrismaClientInitializationError"},"level":"error","message":"Error fetching products","timestamp":"2025-09-29T07:20:03.571Z"}
{"error":{"clientVersion":"6.16.2","name":"PrismaClientInitializationError"},"level":"error","message":"Error fetching categories","timestamp":"2025-09-29T07:41:31.553Z"}
{"error":{"clientVersion":"6.16.2","name":"PrismaClientInitializationError"},"level":"error","message":"Error fetching products","timestamp":"2025-09-29T07:41:31.597Z"}
{"error":{"clientVersion":"6.16.2","name":"PrismaClientInitializationError"},"level":"error","message":"Error fetching products","timestamp":"2025-09-29T07:47:24.697Z"}
{"error":{"clientVersion":"6.16.2","name":"PrismaClientInitializationError"},"level":"error","message":"Error fetching products","timestamp":"2025-09-29T07:47:24.706Z"}
{"error":{"clientVersion":"6.16.2","name":"PrismaClientInitializationError"},"level":"error","message":"Error fetching products","timestamp":"2025-09-29T07:47:24.735Z"}
{"error":{"clientVersion":"6.16.2","name":"PrismaClientInitializationError"},"level":"error","message":"Error fetching categories","timestamp":"2025-09-29T07:47:24.758Z"}
{"error":{"clientVersion":"6.16.2","name":"PrismaClientInitializationError"},"level":"error","message":"Error fetching categories","timestamp":"2025-09-29T07:47:24.761Z"}
{"error":{"clientVersion":"6.16.2","name":"PrismaClientInitializationError"},"level":"error","message":"Error fetching categories","timestamp":"2025-09-29T07:47:24.763Z"}
{"error":{"clientVersion":"6.16.2","name":"PrismaClientInitializationError"},"level":"error","message":"Error fetching products","timestamp":"2025-09-29T07:47:25.179Z"}
{"error":{"clientVersion":"6.16.2","name":"PrismaClientInitializationError"},"level":"error","message":"Error fetching categories","timestamp":"2025-09-29T07:47:25.376Z"}
{"error":{"clientVersion":"6.16.2","name":"PrismaClientInitializationError"},"level":"error","message":"Error fetching products","timestamp":"2025-09-29T08:02:13.402Z"}
{"error":{"clientVersion":"6.16.2","name":"PrismaClientInitializationError"},"level":"error","message":"Error fetching categories","timestamp":"2025-09-29T08:02:13.427Z"}
{"error":{"clientVersion":"6.16.2","name":"PrismaClientInitializationError"},"level":"error","message":"Error fetching categories","timestamp":"2025-09-29T08:10:49.766Z"}
{"error":{"clientVersion":"6.16.2","name":"PrismaClientInitializationError"},"level":"error","message":"Error fetching products","timestamp":"2025-09-29T08:10:50.032Z"}
{"error":{"clientVersion":"6.16.2","name":"PrismaClientInitializationError"},"level":"error","message":"Error fetching products","timestamp":"2025-09-29T08:16:28.600Z"}
{"error":{"clientVersion":"6.16.2","name":"PrismaClientInitializationError"},"level":"error","message":"Error fetching products","timestamp":"2025-09-29T08:16:28.603Z"}
{"error":{"clientVersion":"6.16.2","name":"PrismaClientInitializationError"},"level":"error","message":"Error fetching categories","timestamp":"2025-09-29T08:25:14.051Z"}
{"error":{"clientVersion":"6.16.2","name":"PrismaClientInitializationError"},"level":"error","message":"Error fetching products","timestamp":"2025-09-29T08:25:14.184Z"}
{"error":{"clientVersion":"6.16.2","name":"PrismaClientInitializationError"},"level":"error","message":"Error fetching categories","timestamp":"2025-09-29T08:31:46.723Z"}
{"error":{"clientVersion":"6.16.2","name":"PrismaClientInitializationError"},"level":"error","message":"Error fetching products","timestamp":"2025-09-29T08:31:46.844Z"}
{"error":{"clientVersion":"6.16.2","name":"PrismaClientInitializationError"},"level":"error","message":"Error fetching products","timestamp":"2025-09-29T08:40:43.338Z"}
{"error":{"clientVersion":"6.16.2","name":"PrismaClientInitializationError"},"level":"error","message":"Error fetching categories","timestamp":"2025-09-29T08:40:43.505Z"}
{"error":{"clientVersion":"6.16.2","name":"PrismaClientInitializationError"},"level":"error","message":"Error fetching products","timestamp":"2025-09-29T08:40:59.816Z"}
{"error":{"clientVersion":"6.16.2","name":"PrismaClientInitializationError"},"level":"error","message":"Error fetching categories","timestamp":"2025-09-29T08:41:33.120Z"}
{"error":{"clientVersion":"6.16.2","name":"PrismaClientInitializationError"},"level":"error","message":"Error fetching products","timestamp":"2025-09-29T08:41:33.201Z"}
{"error":{"clientVersion":"6.16.2","name":"PrismaClientInitializationError"},"level":"error","message":"Error fetching categories","timestamp":"2025-09-29T08:43:08.194Z"}
{"error":{"clientVersion":"6.16.2","name":"PrismaClientInitializationError"},"level":"error","message":"Error fetching products","timestamp":"2025-09-29T08:43:08.329Z"}
{"error":{"clientVersion":"6.16.2","name":"PrismaClientInitializationError"},"level":"error","message":"Error fetching categories","timestamp":"2025-09-29T08:43:13.997Z"}
{"error":{"clientVersion":"6.16.2","name":"PrismaClientInitializationError"},"level":"error","message":"Error fetching categories","timestamp":"2025-09-29T08:44:14.966Z"}
{"error":{"clientVersion":"6.16.2","name":"PrismaClientInitializationError"},"level":"error","message":"Error fetching products","timestamp":"2025-09-29T08:44:15.004Z"}
{"error":{"clientVersion":"6.16.2","name":"PrismaClientInitializationError"},"level":"error","message":"Error fetching categories","timestamp":"2025-09-29T08:57:32.392Z"}
{"error":{"clientVersion":"6.16.2","name":"PrismaClientInitializationError"},"level":"error","message":"Error fetching products","timestamp":"2025-09-29T08:57:32.516Z"}
{"error":{"clientVersion":"6.16.2","name":"PrismaClientInitializationError"},"level":"error","message":"Error fetching categories","timestamp":"2025-09-29T09:02:45.733Z"}
{"error":{"clientVersion":"6.16.2","name":"PrismaClientInitializationError"},"level":"error","message":"Error fetching products","timestamp":"2025-09-29T09:02:46.048Z"}
{"error":{"clientVersion":"6.16.2","name":"PrismaClientInitializationError"},"level":"error","message":"Error fetching categories","timestamp":"2025-09-29T09:41:49.715Z"}
{"error":{"clientVersion":"6.16.2","name":"PrismaClientInitializationError"},"level":"error","message":"Error fetching products","timestamp":"2025-09-29T09:41:51.436Z"}
{"error":{"clientVersion":"6.16.2","name":"PrismaClientInitializationError"},"level":"error","message":"Error fetching products","timestamp":"2025-09-29T09:51:18.317Z"}
{"error":{"clientVersion":"6.16.2","name":"PrismaClientInitializationError"},"level":"error","message":"Error fetching categories","timestamp":"2025-09-29T09:51:18.359Z"}
{"error":{"clientVersion":"6.16.2","name":"PrismaClientInitializationError"},"level":"error","message":"Error fetching products","timestamp":"2025-09-29T09:52:28.599Z"}
{"error":{"clientVersion":"6.16.2","name":"PrismaClientInitializationError"},"level":"error","message":"Error fetching categories","timestamp":"2025-09-29T09:52:28.653Z"}
{"error":{"clientVersion":"6.16.2","name":"PrismaClientInitializationError"},"level":"error","message":"Error fetching products","timestamp":"2025-09-29T09:53:19.174Z"}
{"error":{"clientVersion":"6.16.2","name":"PrismaClientInitializationError"},"level":"error","message":"Error fetching categories","timestamp":"2025-09-29T09:53:19.278Z"}
{"error":{"clientVersion":"6.16.2","name":"PrismaClientInitializationError"},"level":"error","message":"Error fetching products","timestamp":"2025-09-29T09:54:37.731Z"}
{"error":{"clientVersion":"6.16.2","name":"PrismaClientInitializationError"},"level":"error","message":"Error fetching categories","timestamp":"2025-09-29T09:54:37.891Z"}
{"error":{"clientVersion":"6.16.2","name":"PrismaClientInitializationError"},"level":"error","message":"Error fetching products","timestamp":"2025-09-29T10:11:16.633Z"}
{"error":{"clientVersion":"6.16.2","name":"PrismaClientInitializationError"},"level":"error","message":"Error fetching categories","timestamp":"2025-09-29T10:11:16.679Z"}
{"error":{"clientVersion":"6.16.2","name":"PrismaClientInitializationError"},"level":"error","message":"Error fetching categories","timestamp":"2025-09-29T10:26:12.264Z"}
{"error":{"clientVersion":"6.16.2","name":"PrismaClientInitializationError"},"level":"error","message":"Error fetching products","timestamp":"2025-09-29T10:26:12.286Z"}
{"error":{"clientVersion":"6.16.2","name":"PrismaClientInitializationError"},"level":"error","message":"Error fetching categories","timestamp":"2025-09-29T10:29:17.446Z"}
{"error":{"clientVersion":"6.16.2","name":"PrismaClientInitializationError"},"level":"error","message":"Error fetching products","timestamp":"2025-09-29T10:29:17.546Z"}
{"error":{"clientVersion":"6.16.2","name":"PrismaClientInitializationError"},"level":"error","message":"Error fetching products","timestamp":"2025-09-29T10:31:16.554Z"}
{"error":{"clientVersion":"6.16.2","name":"PrismaClientInitializationError"},"level":"error","message":"Error fetching categories","timestamp":"2025-09-29T10:31:16.567Z"}
{"error":{"clientVersion":"6.16.2","name":"PrismaClientInitializationError"},"level":"error","message":"Error fetching products","timestamp":"2025-09-29T10:37:58.060Z"}
{"error":{"clientVersion":"6.16.2","name":"PrismaClientInitializationError"},"level":"error","message":"Error fetching categories","timestamp":"2025-09-29T10:37:58.081Z"}
{"error":{"clientVersion":"6.16.2","name":"PrismaClientInitializationError"},"level":"error","message":"Error fetching categories","timestamp":"2025-09-29T10:57:44.900Z"}
{"error":{"clientVersion":"6.16.2","name":"PrismaClientInitializationError"},"level":"error","message":"Error fetching products","timestamp":"2025-09-29T10:57:45.201Z"}
{"error":{"clientVersion":"6.16.2","name":"PrismaClientInitializationError"},"level":"error","message":"Error fetching products","timestamp":"2025-09-29T10:57:45.204Z"}
{"error":{"clientVersion":"6.16.2","name":"PrismaClientInitializationError"},"level":"error","message":"Error fetching categories","timestamp":"2025-09-29T10:57:45.407Z"}
{"error":{"clientVersion":"6.16.2","name":"PrismaClientInitializationError"},"level":"error","message":"Error fetching products","timestamp":"2025-09-29T10:57:52.560Z"}
{"error":{"clientVersion":"6.16.2","name":"PrismaClientInitializationError"},"level":"error","message":"Error fetching categories","timestamp":"2025-09-29T10:57:52.722Z"}
{"error":{"clientVersion":"6.16.2","name":"PrismaClientInitializationError"},"level":"error","message":"Error fetching categories","timestamp":"2025-09-29T11:04:29.297Z"}
{"error":{"clientVersion":"6.16.2","name":"PrismaClientInitializationError"},"level":"error","message":"Error fetching products","timestamp":"2025-09-29T11:04:29.497Z"}
{"error":{"clientVersion":"6.16.2","name":"PrismaClientInitializationError"},"level":"error","message":"Error fetching products","timestamp":"2025-09-29T11:16:44.285Z"}
{"error":{"clientVersion":"6.16.2","name":"PrismaClientInitializationError"},"level":"error","message":"Error fetching categories","timestamp":"2025-09-29T11:16:44.421Z"}
{"error":{"clientVersion":"6.16.2","name":"PrismaClientInitializationError"},"level":"error","message":"Error fetching products","timestamp":"2025-09-29T11:16:49.281Z"}
{"error":{"clientVersion":"6.16.2","name":"PrismaClientInitializationError"},"level":"error","message":"Error fetching categories","timestamp":"2025-09-29T11:16:49.427Z"}
{"error":{"clientVersion":"6.16.2","name":"PrismaClientInitializationError"},"level":"error","message":"Error fetching products","timestamp":"2025-09-29T11:20:07.799Z"}
{"error":{"clientVersion":"6.16.2","name":"PrismaClientInitializationError"},"level":"error","message":"Error fetching categories","timestamp":"2025-09-29T11:20:07.954Z"}
{"error":{"clientVersion":"6.16.2","name":"PrismaClientInitializationError"},"level":"error","message":"Error fetching categories","timestamp":"2025-09-29T11:20:12.991Z"}
{"error":{"clientVersion":"6.16.2","name":"PrismaClientInitializationError"},"level":"error","message":"Error fetching products","timestamp":"2025-09-29T11:20:12.997Z"}
{"error":{"clientVersion":"6.16.2","name":"PrismaClientInitializationError"},"level":"error","message":"Error fetching categories","timestamp":"2025-09-29T11:21:26.037Z"}
{"error":{"clientVersion":"6.16.2","name":"PrismaClientInitializationError"},"level":"error","message":"Error fetching products","timestamp":"2025-09-29T11:21:26.092Z"}
{"error":{"clientVersion":"6.16.2","name":"PrismaClientInitializationError"},"level":"error","message":"Error fetching products","timestamp":"2025-09-29T11:21:31.554Z"}
{"error":{"clientVersion":"6.16.2","name":"PrismaClientInitializationError"},"level":"error","message":"Error fetching categories","timestamp":"2025-09-29T11:21:31.936Z"}
{"error":{"clientVersion":"6.16.2","name":"PrismaClientInitializationError"},"level":"error","message":"Error fetching categories","timestamp":"2025-09-29T11:26:10.377Z"}
{"error":{"clientVersion":"6.16.2","name":"PrismaClientInitializationError"},"level":"error","message":"Error fetching products","timestamp":"2025-09-29T11:26:10.434Z"}
{"error":{"clientVersion":"6.16.2","name":"PrismaClientInitializationError"},"level":"error","message":"Error logging in","timestamp":"2025-09-29T11:34:09.637Z"}
{"error":{"clientVersion":"6.16.2","name":"PrismaClientInitializationError"},"level":"error","message":"Error logging in","timestamp":"2025-09-29T11:34:21.757Z"}
{"error":{"clientVersion":"6.16.2","name":"PrismaClientInitializationError"},"level":"error","message":"Error registering user","timestamp":"2025-09-29T11:36:13.985Z"}
{"error":{"clientVersion":"6.16.2","name":"PrismaClientInitializationError"},"level":"error","message":"Error logging in","timestamp":"2025-09-29T11:36:35.984Z"}
{"error":{"clientVersion":"6.16.2","name":"PrismaClientInitializationError"},"level":"error","message":"Error registering user","timestamp":"2025-09-29T11:58:33.474Z"}
{"error":{"clientVersion":"6.16.2","name":"PrismaClientInitializationError"},"level":"error","message":"Error fetching products","timestamp":"2025-09-29T11:58:45.842Z"}
{"error":{"clientVersion":"6.16.2","name":"PrismaClientInitializationError"},"level":"error","message":"Error fetching products","timestamp":"2025-09-29T11:58:45.848Z"}
{"error":{"clientVersion":"6.16.2","name":"PrismaClientInitializationError"},"level":"error","message":"Error fetching categories","timestamp":"2025-09-29T11:58:58.119Z"}
{"error":{"clientVersion":"6.16.2","name":"PrismaClientInitializationError"},"level":"error","message":"Error fetching products","timestamp":"2025-09-29T11:58:58.123Z"}
{"error":{"clientVersion":"6.16.2","name":"PrismaClientInitializationError"},"level":"error","message":"Error fetching categories","timestamp":"2025-09-29T13:36:15.804Z"}
{"error":{"clientVersion":"6.16.2","name":"PrismaClientInitializationError"},"level":"error","message":"Error fetching products","timestamp":"2025-09-29T13:36:17.803Z"}
{"error":{"clientVersion":"6.16.2","name":"PrismaClientInitializationError"},"level":"error","message":"Error fetching products","timestamp":"2025-09-29T13:45:13.552Z"}
{"error":{"clientVersion":"6.16.2","name":"PrismaClientInitializationError"},"level":"error","message":"Error fetching categories","timestamp":"2025-09-29T13:45:20.531Z"}
{"error":{"clientVersion":"6.16.2","name":"PrismaClientInitializationError"},"level":"error","message":"Error fetching products","timestamp":"2025-09-29T13:47:06.457Z"}
{"error":{"clientVersion":"6.16.2","name":"PrismaClientInitializationError"},"level":"error","message":"Error fetching categories","timestamp":"2025-09-29T13:47:06.723Z"}
{"error":{"clientVersion":"6.16.2","name":"PrismaClientInitializationError"},"level":"error","message":"Error fetching products","timestamp":"2025-09-29T14:03:21.300Z"}
{"error":{"clientVersion":"6.16.2","name":"PrismaClientInitializationError"},"level":"error","message":"Error fetching categories","timestamp":"2025-09-29T14:03:24.185Z"}
{"error":{"clientVersion":"6.16.2","code":"P2021","meta":{"modelName":"User","table":"public.User"},"name":"PrismaClientKnownRequestError"},"level":"error","message":"Error registering user","timestamp":"2025-10-01T07:54:25.146Z"}
{"error":{"expiredAt":"2025-10-01T10:08:45.000Z","message":"jwt expired","name":"TokenExpiredError"},"level":"error","message":"Invalid token","timestamp":"2025-10-01T11:29:42.330Z"}
{"env":{"DATABASE_URL":"[set]","PORT":"5000"},"level":"error","message":"❌ Failed to start server: ⨯ Unable to compile TypeScript:\n\u001b[96msrc/utils/cloudinary.ts\u001b[0m:\u001b[93m6\u001b[0m:\u001b[93m22\u001b[0m - \u001b[91merror\u001b[0m\u001b[90m TS2339: \u001b[0mProperty 'CLOUDINARY_CLOUD_NAME' does not exist on type '{ PORT: string | undefined; DB_USERNAME: string; DB_PASSWORD: string; DB_HOST: string; DB_PORT: string; DB_NAME: string; JWT_SECRET: string; }'.\r\n\r\n\u001b[7m6\u001b[0m   cloud_name: config.CLOUDINARY_CLOUD_NAME,\r\n\u001b[7m \u001b[0m \u001b[91m                     ~~~~~~~~~~~~~~~~~~~~~\u001b[0m\r\n\u001b[96msrc/utils/cloudinary.ts\u001b[0m:\u001b[93m7\u001b[0m:\u001b[93m19\u001b[0m - \u001b[91merror\u001b[0m\u001b[90m TS2339: \u001b[0mProperty 'CLOUDINARY_API_KEY' does not exist on type '{ PORT: string | undefined; DB_USERNAME: string; DB_PASSWORD: string; DB_HOST: string; DB_PORT: string; DB_NAME: string; JWT_SECRET: string; }'.\r\n\r\n\u001b[7m7\u001b[0m   api_key: config.CLOUDINARY_API_KEY,\r\n\u001b[7m \u001b[0m \u001b[91m                  ~~~~~~~~~~~~~~~~~~\u001b[0m\r\n\u001b[96msrc/utils/cloudinary.ts\u001b[0m:\u001b[93m8\u001b[0m:\u001b[93m22\u001b[0m - \u001b[91merror\u001b[0m\u001b[90m TS2339: \u001b[0mProperty 'CLOUDINARY_API_SECRET' does not exist on type '{ PORT: string | undefined; DB_USERNAME: string; DB_PASSWORD: string; DB_HOST: string; DB_PORT: string; DB_NAME: string; JWT_SECRET: string; }'.\r\n\r\n\u001b[7m8\u001b[0m   api_secret: config.CLOUDINARY_API_SECRET,\r\n\u001b[7m \u001b[0m \u001b[91m                     ~~~~~~~~~~~~~~~~~~~~~\u001b[0m\r\n","stack":"TSError: ⨯ Unable to compile TypeScript:\n\u001b[96msrc/utils/cloudinary.ts\u001b[0m:\u001b[93m6\u001b[0m:\u001b[93m22\u001b[0m - \u001b[91merror\u001b[0m\u001b[90m TS2339: \u001b[0mProperty 'CLOUDINARY_CLOUD_NAME' does not exist on type '{ PORT: string | undefined; DB_USERNAME: string; DB_PASSWORD: string; DB_HOST: string; DB_PORT: string; DB_NAME: string; JWT_SECRET: string; }'.\r\n\r\n\u001b[7m6\u001b[0m   cloud_name: config.CLOUDINARY_CLOUD_NAME,\r\n\u001b[7m \u001b[0m \u001b[91m                     ~~~~~~~~~~~~~~~~~~~~~\u001b[0m\r\n\u001b[96msrc/utils/cloudinary.ts\u001b[0m:\u001b[93m7\u001b[0m:\u001b[93m19\u001b[0m - \u001b[91merror\u001b[0m\u001b[90m TS2339: \u001b[0mProperty 'CLOUDINARY_API_KEY' does not exist on type '{ PORT: string | undefined; DB_USERNAME: string; DB_PASSWORD: string; DB_HOST: string; DB_PORT: string; DB_NAME: string; JWT_SECRET: string; }'.\r\n\r\n\u001b[7m7\u001b[0m   api_key: config.CLOUDINARY_API_KEY,\r\n\u001b[7m \u001b[0m \u001b[91m                  ~~~~~~~~~~~~~~~~~~\u001b[0m\r\n\u001b[96msrc/utils/cloudinary.ts\u001b[0m:\u001b[93m8\u001b[0m:\u001b[93m22\u001b[0m - \u001b[91merror\u001b[0m\u001b[90m TS2339: \u001b[0mProperty 'CLOUDINARY_API_SECRET' does not exist on type '{ PORT: string | undefined; DB_USERNAME: string; DB_PASSWORD: string; DB_HOST: string; DB_PORT: string; DB_NAME: string; JWT_SECRET: string; }'.\r\n\r\n\u001b[7m8\u001b[0m   api_secret: config.CLOUDINARY_API_SECRET,\r\n\u001b[7m \u001b[0m \u001b[91m                     ~~~~~~~~~~~~~~~~~~~~~\u001b[0m\r\n\n    at createTSError (C:\\Users\\Simon Keya\\Documents\\GitHub\\Chipper-server\\node_modules\\ts-node\\src\\index.ts:859:12)\n    at reportTSError (C:\\Users\\Simon Keya\\Documents\\GitHub\\Chipper-server\\node_modules\\ts-node\\src\\index.ts:863:19)\n    at getOutput (C:\\Users\\Simon Keya\\Documents\\GitHub\\Chipper-server\\node_modules\\ts-node\\src\\index.ts:1077:36)\n    at Object.compile (C:\\Users\\Simon Keya\\Documents\\GitHub\\Chipper-server\\node_modules\\ts-node\\src\\index.ts:1433:41)\n    at Module.m._compile (C:\\Users\\Simon Keya\\Documents\\GitHub\\Chipper-server\\node_modules\\ts-node\\src\\index.ts:1617:30)\n    at Module._extensions..js (node:internal/modules/cjs/loader:1416:10)\n    at Object.require.extensions.<computed> [as .ts] (C:\\Users\\Simon Keya\\Documents\\GitHub\\Chipper-server\\node_modules\\ts-node\\src\\index.ts:1621:12)\n    at Module.load (node:internal/modules/cjs/loader:1208:32)\n    at Function.Module._load (node:internal/modules/cjs/loader:1024:12)\n    at Module.require (node:internal/modules/cjs/loader:1233:19)","timestamp":"2025-10-01T12:51:13.387Z"}
{"error":{},"level":"error","message":"Error creating product","timestamp":"2025-10-02T09:53:43.556Z"}
{"error":{"expiredAt":"2025-10-02T10:47:12.000Z","message":"jwt expired","name":"TokenExpiredError"},"level":"error","message":"Invalid token","timestamp":"2025-10-02T11:14:20.797Z"}
